8.0.1 26-02-2020 05:16:43 Starting new session. Mods: examplemod 
8.0.1 26-02-2020 05:18:40 Starting new session. Mods: examplemod 
8.0.1 26-02-2020 05:19:51 MAJOR: null: Loading language: en_us
8.0.1 26-02-2020 05:19:51 ERROR: null: Key goal.mineiron2 is present more than once in C:\Users\Guilherme\Desktop\MultiMC\instances\Cubic Chunks\.minecraft\mods\millenaire\languages\en\strings.txt
8.0.1 26-02-2020 05:19:51 ERROR: null: Key goal.mineiron2 is present more than once in C:\Users\Guilherme\Desktop\MultiMC\instances\Cubic Chunks\.minecraft\mods\millenaire\languages\en\strings.txt
8.0.1 26-02-2020 05:19:51 ERROR: Culture: byzantines: en_us: In dialogue file C:\Users\Guilherme\Desktop\MultiMC\instances\Cubic Chunks\.minecraft\mods\millenaire\languages\en\byzantines_dialogues.txt the following line is invalid: //* Dialogue lines start with a code like "v2;30;" which specify who is speaking and when the line shows up. Please copy it exactly in your translations.
8.0.1 26-02-2020 05:19:51 ERROR: Culture: byzantines: en: In dialogue file C:\Users\Guilherme\Desktop\MultiMC\instances\Cubic Chunks\.minecraft\mods\millenaire\languages\en\byzantines_dialogues.txt the following line is invalid: //* Dialogue lines start with a code like "v2;30;" which specify who is speaking and when the line shows up. Please copy it exactly in your translations.
8.0.1 26-02-2020 05:19:52 MAJOR: null: LanguageData loaded: en_us. Wand invitem name: Wand of Summoning
8.0.1 26-02-2020 05:25:59 Starting new session. Mods: examplemod 
8.0.1 26-02-2020 05:30:44 Starting new session. Mods: examplemod 
8.0.1 26-02-2020 05:33:34 Starting new session. Mods: examplemod 
8.0.1 26-02-2020 05:36:04 Starting new session. Mods: examplemod 
8.0.1 26-02-2020 05:37:35 MAJOR: null: Loading language: en_us
8.0.1 26-02-2020 05:37:35 ERROR: null: Key goal.mineiron2 is present more than once in C:\Users\Guilherme\Desktop\MultiMC\instances\Cubic Chunks\.minecraft\mods\millenaire\languages\en\strings.txt
8.0.1 26-02-2020 05:37:35 ERROR: null: Key goal.mineiron2 is present more than once in C:\Users\Guilherme\Desktop\MultiMC\instances\Cubic Chunks\.minecraft\mods\millenaire\languages\en\strings.txt
8.0.1 26-02-2020 05:37:35 ERROR: Culture: byzantines: en_us: In dialogue file C:\Users\Guilherme\Desktop\MultiMC\instances\Cubic Chunks\.minecraft\mods\millenaire\languages\en\byzantines_dialogues.txt the following line is invalid: //* Dialogue lines start with a code like "v2;30;" which specify who is speaking and when the line shows up. Please copy it exactly in your translations.
8.0.1 26-02-2020 05:37:35 ERROR: Culture: byzantines: en: In dialogue file C:\Users\Guilherme\Desktop\MultiMC\instances\Cubic Chunks\.minecraft\mods\millenaire\languages\en\byzantines_dialogues.txt the following line is invalid: //* Dialogue lines start with a code like "v2;30;" which specify who is speaking and when the line shows up. Please copy it exactly in your translations.
8.0.1 26-02-2020 05:37:36 MAJOR: null: LanguageData loaded: en_us. Wand invitem name: Wand of Summoning
8.0.1 26-02-2020 06:06:38 Starting new session. Mods: examplemod 
8.0.1 26-02-2020 06:07:54 MAJOR: null: Loading language: en_us
8.0.1 26-02-2020 06:07:54 ERROR: null: Key goal.mineiron2 is present more than once in C:\Users\Guilherme\Desktop\MultiMC\instances\Cubic Chunks\.minecraft\mods\millenaire\languages\en\strings.txt
8.0.1 26-02-2020 06:07:54 ERROR: null: Key goal.mineiron2 is present more than once in C:\Users\Guilherme\Desktop\MultiMC\instances\Cubic Chunks\.minecraft\mods\millenaire\languages\en\strings.txt
8.0.1 26-02-2020 06:07:55 ERROR: Culture: byzantines: en_us: In dialogue file C:\Users\Guilherme\Desktop\MultiMC\instances\Cubic Chunks\.minecraft\mods\millenaire\languages\en\byzantines_dialogues.txt the following line is invalid: //* Dialogue lines start with a code like "v2;30;" which specify who is speaking and when the line shows up. Please copy it exactly in your translations.
8.0.1 26-02-2020 06:07:55 ERROR: Culture: byzantines: en: In dialogue file C:\Users\Guilherme\Desktop\MultiMC\instances\Cubic Chunks\.minecraft\mods\millenaire\languages\en\byzantines_dialogues.txt the following line is invalid: //* Dialogue lines start with a code like "v2;30;" which specify who is speaking and when the line shows up. Please copy it exactly in your translations.
8.0.1 26-02-2020 06:07:55 MAJOR: null: LanguageData loaded: en_us. Wand invitem name: Wand of Summoning
8.0.1 26-02-2020 06:13:02 MAJOR: null: Loading language: bs_ba
8.0.1 26-02-2020 06:13:02 ERROR: null: Key goal.mineiron2 is present more than once in C:\Users\Guilherme\Desktop\MultiMC\instances\Cubic Chunks\.minecraft\mods\millenaire\languages\en\strings.txt
8.0.1 26-02-2020 06:13:02 MAJOR: null: LanguageData loaded: bs_ba. Wand invitem name: Wand of Summoning
8.0.1 26-02-2020 06:29:52 Starting new session. Mods: examplemod 
8.0.1 26-02-2020 06:31:08 MAJOR: null: Loading language: bs_ba
8.0.1 26-02-2020 06:31:08 ERROR: null: Key goal.mineiron2 is present more than once in C:\Users\Guilherme\Desktop\MultiMC\instances\Cubic Chunks\.minecraft\mods\millenaire\languages\en\strings.txt
8.0.1 26-02-2020 06:31:09 ERROR: Culture: byzantines: en: In dialogue file C:\Users\Guilherme\Desktop\MultiMC\instances\Cubic Chunks\.minecraft\mods\millenaire\languages\en\byzantines_dialogues.txt the following line is invalid: //* Dialogue lines start with a code like "v2;30;" which specify who is speaking and when the line shows up. Please copy it exactly in your translations.
8.0.1 26-02-2020 06:31:10 MAJOR: null: LanguageData loaded: bs_ba. Wand invitem name: Wand of Summoning
8.0.1 26-02-2020 06:46:47 Starting new session. Mods: examplemod 
8.0.1 26-02-2020 06:48:32 MAJOR: null: Loading language: bs_ba
8.0.1 26-02-2020 06:48:32 ERROR: null: Key goal.mineiron2 is present more than once in C:\Users\Guilherme\Desktop\MultiMC\instances\Cubic Chunks\.minecraft\mods\millenaire\languages\en\strings.txt
8.0.1 26-02-2020 06:48:32 ERROR: Culture: byzantines: en: In dialogue file C:\Users\Guilherme\Desktop\MultiMC\instances\Cubic Chunks\.minecraft\mods\millenaire\languages\en\byzantines_dialogues.txt the following line is invalid: //* Dialogue lines start with a code like "v2;30;" which specify who is speaking and when the line shows up. Please copy it exactly in your translations.
8.0.1 26-02-2020 06:48:33 MAJOR: null: LanguageData loaded: bs_ba. Wand invitem name: Wand of Summoning
8.0.1 26-02-2020 08:30:39 Starting new session. Mods: examplemod 
8.0.1 26-02-2020 08:32:38 MAJOR: null: Loading language: bs_ba
8.0.1 26-02-2020 08:32:38 ERROR: null: Key goal.mineiron2 is present more than once in C:\Users\Guilherme\Desktop\MultiMC\instances\Cubic Chunks\.minecraft\mods\millenaire\languages\en\strings.txt
8.0.1 26-02-2020 08:32:38 ERROR: Culture: byzantines: en: In dialogue file C:\Users\Guilherme\Desktop\MultiMC\instances\Cubic Chunks\.minecraft\mods\millenaire\languages\en\byzantines_dialogues.txt the following line is invalid: //* Dialogue lines start with a code like "v2;30;" which specify who is speaking and when the line shows up. Please copy it exactly in your translations.
8.0.1 26-02-2020 08:32:40 MAJOR: null: LanguageData loaded: bs_ba. Wand invitem name: Wand of Summoning
8.0.1 26-02-2020 09:01:53 Starting new session. Mods: examplemod 
8.0.1 26-02-2020 09:03:29 MAJOR: null: Loading language: bs_ba
8.0.1 26-02-2020 09:03:29 ERROR: null: Key goal.mineiron2 is present more than once in C:\Users\Guilherme\Desktop\MultiMC\instances\Cubic Chunks\.minecraft\mods\millenaire\languages\en\strings.txt
8.0.1 26-02-2020 09:03:29 ERROR: Culture: byzantines: en: In dialogue file C:\Users\Guilherme\Desktop\MultiMC\instances\Cubic Chunks\.minecraft\mods\millenaire\languages\en\byzantines_dialogues.txt the following line is invalid: //* Dialogue lines start with a code like "v2;30;" which specify who is speaking and when the line shows up. Please copy it exactly in your translations.
8.0.1 26-02-2020 09:03:30 MAJOR: null: LanguageData loaded: bs_ba. Wand invitem name: Wand of Summoning
8.0.1 26-02-2020 09:11:15 Starting new session. Mods: examplemod 
8.0.1 26-02-2020 09:12:52 MAJOR: null: Loading language: bs_ba
8.0.1 26-02-2020 09:12:52 ERROR: null: Key goal.mineiron2 is present more than once in C:\Users\Guilherme\Desktop\MultiMC\instances\Cubic Chunks\.minecraft\mods\millenaire\languages\en\strings.txt
8.0.1 26-02-2020 09:12:52 ERROR: Culture: byzantines: en: In dialogue file C:\Users\Guilherme\Desktop\MultiMC\instances\Cubic Chunks\.minecraft\mods\millenaire\languages\en\byzantines_dialogues.txt the following line is invalid: //* Dialogue lines start with a code like "v2;30;" which specify who is speaking and when the line shows up. Please copy it exactly in your translations.
8.0.1 26-02-2020 09:12:53 MAJOR: null: LanguageData loaded: bs_ba. Wand invitem name: Wand of Summoning
8.0.1 26-02-2020 09:54:06 Starting new session. Mods: examplemod 
8.0.1 26-02-2020 09:55:21 MAJOR: null: Loading language: bs_ba
8.0.1 26-02-2020 09:55:21 ERROR: null: Key goal.mineiron2 is present more than once in C:\Users\Guilherme\Desktop\MultiMC\instances\Cubic Chunks\.minecraft\mods\millenaire\languages\en\strings.txt
8.0.1 26-02-2020 09:55:21 ERROR: Culture: byzantines: en: In dialogue file C:\Users\Guilherme\Desktop\MultiMC\instances\Cubic Chunks\.minecraft\mods\millenaire\languages\en\byzantines_dialogues.txt the following line is invalid: //* Dialogue lines start with a code like "v2;30;" which specify who is speaking and when the line shows up. Please copy it exactly in your translations.
8.0.1 26-02-2020 09:55:22 MAJOR: null: LanguageData loaded: bs_ba. Wand invitem name: Wand of Summoning
8.0.1 26-02-2020 10:03:36 Starting new session. Mods: examplemod 
8.0.1 26-02-2020 10:04:53 MAJOR: null: Loading language: bs_ba
8.0.1 26-02-2020 10:04:53 ERROR: null: Key goal.mineiron2 is present more than once in C:\Users\Guilherme\Desktop\MultiMC\instances\Cubic Chunks\.minecraft\mods\millenaire\languages\en\strings.txt
8.0.1 26-02-2020 10:04:53 ERROR: Culture: byzantines: en: In dialogue file C:\Users\Guilherme\Desktop\MultiMC\instances\Cubic Chunks\.minecraft\mods\millenaire\languages\en\byzantines_dialogues.txt the following line is invalid: //* Dialogue lines start with a code like "v2;30;" which specify who is speaking and when the line shows up. Please copy it exactly in your translations.
8.0.1 26-02-2020 10:04:54 MAJOR: null: LanguageData loaded: bs_ba. Wand invitem name: Wand of Summoning
8.0.1 26-02-2020 10:29:13 Starting new session. Mods: examplemod 
8.0.1 26-02-2020 10:30:26 MAJOR: null: Loading language: bs_ba
8.0.1 26-02-2020 10:30:26 ERROR: null: Key goal.mineiron2 is present more than once in C:\Users\Guilherme\Desktop\MultiMC\instances\Cubic Chunks\.minecraft\mods\millenaire\languages\en\strings.txt
8.0.1 26-02-2020 10:30:26 ERROR: Culture: byzantines: en: In dialogue file C:\Users\Guilherme\Desktop\MultiMC\instances\Cubic Chunks\.minecraft\mods\millenaire\languages\en\byzantines_dialogues.txt the following line is invalid: //* Dialogue lines start with a code like "v2;30;" which specify who is speaking and when the line shows up. Please copy it exactly in your translations.
8.0.1 26-02-2020 10:30:27 MAJOR: null: LanguageData loaded: bs_ba. Wand invitem name: Wand of Summoning
8.0.1 26-02-2020 11:10:22 Starting new session. Mods: examplemod 
8.0.1 26-02-2020 11:11:29 MAJOR: null: Loading language: bs_ba
8.0.1 26-02-2020 11:11:29 ERROR: null: Key goal.mineiron2 is present more than once in C:\Users\Guilherme\Desktop\MultiMC\instances\Cubic Chunks\.minecraft\mods\millenaire\languages\en\strings.txt
8.0.1 26-02-2020 11:11:29 ERROR: Culture: byzantines: en: In dialogue file C:\Users\Guilherme\Desktop\MultiMC\instances\Cubic Chunks\.minecraft\mods\millenaire\languages\en\byzantines_dialogues.txt the following line is invalid: //* Dialogue lines start with a code like "v2;30;" which specify who is speaking and when the line shows up. Please copy it exactly in your translations.
8.0.1 26-02-2020 11:11:30 MAJOR: null: LanguageData loaded: bs_ba. Wand invitem name: Wand of Summoning
8.0.1 26-02-2020 11:17:54 Starting new session. Mods: examplemod 
8.0.1 26-02-2020 11:19:02 MAJOR: null: Loading language: bs_ba
8.0.1 26-02-2020 11:19:02 ERROR: null: Key goal.mineiron2 is present more than once in C:\Users\Guilherme\Desktop\MultiMC\instances\Cubic Chunks\.minecraft\mods\millenaire\languages\en\strings.txt
8.0.1 26-02-2020 11:19:02 ERROR: Culture: byzantines: en: In dialogue file C:\Users\Guilherme\Desktop\MultiMC\instances\Cubic Chunks\.minecraft\mods\millenaire\languages\en\byzantines_dialogues.txt the following line is invalid: //* Dialogue lines start with a code like "v2;30;" which specify who is speaking and when the line shows up. Please copy it exactly in your translations.
8.0.1 26-02-2020 11:19:03 MAJOR: null: LanguageData loaded: bs_ba. Wand invitem name: Wand of Summoning
8.0.1 26-02-2020 11:33:36 Starting new session. Mods: examplemod 
8.0.1 26-02-2020 11:34:42 MAJOR: null: Loading language: bs_ba
8.0.1 26-02-2020 11:34:42 ERROR: null: Key goal.mineiron2 is present more than once in C:\Users\Guilherme\Desktop\MultiMC\instances\Cubic Chunks\.minecraft\mods\millenaire\languages\en\strings.txt
8.0.1 26-02-2020 11:34:42 ERROR: Culture: byzantines: en: In dialogue file C:\Users\Guilherme\Desktop\MultiMC\instances\Cubic Chunks\.minecraft\mods\millenaire\languages\en\byzantines_dialogues.txt the following line is invalid: //* Dialogue lines start with a code like "v2;30;" which specify who is speaking and when the line shows up. Please copy it exactly in your translations.
8.0.1 26-02-2020 11:34:43 MAJOR: null: LanguageData loaded: bs_ba. Wand invitem name: Wand of Summoning
8.0.1 26-02-2020 13:11:24 Starting new session. Mods: examplemod 
8.0.1 26-02-2020 13:12:35 MAJOR: null: Loading language: bs_ba
8.0.1 26-02-2020 13:12:35 ERROR: null: Key goal.mineiron2 is present more than once in C:\Users\Guilherme\Desktop\MultiMC\instances\Cubic Chunks\.minecraft\mods\millenaire\languages\en\strings.txt
8.0.1 26-02-2020 13:12:35 ERROR: Culture: byzantines: en: In dialogue file C:\Users\Guilherme\Desktop\MultiMC\instances\Cubic Chunks\.minecraft\mods\millenaire\languages\en\byzantines_dialogues.txt the following line is invalid: //* Dialogue lines start with a code like "v2;30;" which specify who is speaking and when the line shows up. Please copy it exactly in your translations.
8.0.1 26-02-2020 13:12:36 MAJOR: null: LanguageData loaded: bs_ba. Wand invitem name: Wand of Summoning
8.0.1 26-02-2020 13:36:29 Starting new session. Mods: examplemod 
8.0.1 26-02-2020 13:37:33 MAJOR: null: Loading language: bs_ba
8.0.1 26-02-2020 13:37:33 ERROR: null: Key goal.mineiron2 is present more than once in C:\Users\Guilherme\Desktop\MultiMC\instances\Cubic Chunks\.minecraft\mods\millenaire\languages\en\strings.txt
8.0.1 26-02-2020 13:37:33 ERROR: Culture: byzantines: en: In dialogue file C:\Users\Guilherme\Desktop\MultiMC\instances\Cubic Chunks\.minecraft\mods\millenaire\languages\en\byzantines_dialogues.txt the following line is invalid: //* Dialogue lines start with a code like "v2;30;" which specify who is speaking and when the line shows up. Please copy it exactly in your translations.
8.0.1 26-02-2020 13:37:34 MAJOR: null: LanguageData loaded: bs_ba. Wand invitem name: Wand of Summoning
8.0.1 26-02-2020 13:40:07 Starting new session. Mods: examplemod 
8.0.1 26-02-2020 13:41:13 MAJOR: null: Loading language: bs_ba
8.0.1 26-02-2020 13:41:13 ERROR: null: Key goal.mineiron2 is present more than once in C:\Users\Guilherme\Desktop\MultiMC\instances\Cubic Chunks\.minecraft\mods\millenaire\languages\en\strings.txt
8.0.1 26-02-2020 13:41:13 ERROR: Culture: byzantines: en: In dialogue file C:\Users\Guilherme\Desktop\MultiMC\instances\Cubic Chunks\.minecraft\mods\millenaire\languages\en\byzantines_dialogues.txt the following line is invalid: //* Dialogue lines start with a code like "v2;30;" which specify who is speaking and when the line shows up. Please copy it exactly in your translations.
8.0.1 26-02-2020 13:41:14 MAJOR: null: LanguageData loaded: bs_ba. Wand invitem name: Wand of Summoning
8.0.1 26-02-2020 13:45:05 Starting new session. Mods: examplemod 
8.0.1 26-02-2020 13:46:11 MAJOR: null: Loading language: bs_ba
8.0.1 26-02-2020 13:46:11 ERROR: null: Key goal.mineiron2 is present more than once in C:\Users\Guilherme\Desktop\MultiMC\instances\Cubic Chunks\.minecraft\mods\millenaire\languages\en\strings.txt
8.0.1 26-02-2020 13:46:11 ERROR: Culture: byzantines: en: In dialogue file C:\Users\Guilherme\Desktop\MultiMC\instances\Cubic Chunks\.minecraft\mods\millenaire\languages\en\byzantines_dialogues.txt the following line is invalid: //* Dialogue lines start with a code like "v2;30;" which specify who is speaking and when the line shows up. Please copy it exactly in your translations.
8.0.1 26-02-2020 13:46:12 MAJOR: null: LanguageData loaded: bs_ba. Wand invitem name: Wand of Summoning
8.0.1 26-02-2020 13:56:29 Starting new session. Mods: examplemod 
8.0.1 26-02-2020 13:57:32 MAJOR: null: Loading language: bs_ba
8.0.1 26-02-2020 13:57:32 ERROR: null: Key goal.mineiron2 is present more than once in C:\Users\Guilherme\Desktop\MultiMC\instances\Cubic Chunks\.minecraft\mods\millenaire\languages\en\strings.txt
8.0.1 26-02-2020 13:57:32 ERROR: Culture: byzantines: en: In dialogue file C:\Users\Guilherme\Desktop\MultiMC\instances\Cubic Chunks\.minecraft\mods\millenaire\languages\en\byzantines_dialogues.txt the following line is invalid: //* Dialogue lines start with a code like "v2;30;" which specify who is speaking and when the line shows up. Please copy it exactly in your translations.
8.0.1 26-02-2020 13:57:33 MAJOR: null: LanguageData loaded: bs_ba. Wand invitem name: Wand of Summoning
8.0.1 26-02-2020 14:06:13 Starting new session. Mods: examplemod 
8.0.1 26-02-2020 14:07:43 MAJOR: null: Loading language: bs_ba
8.0.1 26-02-2020 14:07:43 ERROR: null: Key goal.mineiron2 is present more than once in C:\Users\Guilherme\Desktop\MultiMC\instances\Cubic Chunks\.minecraft\mods\millenaire\languages\en\strings.txt
8.0.1 26-02-2020 14:07:43 ERROR: Culture: byzantines: en: In dialogue file C:\Users\Guilherme\Desktop\MultiMC\instances\Cubic Chunks\.minecraft\mods\millenaire\languages\en\byzantines_dialogues.txt the following line is invalid: //* Dialogue lines start with a code like "v2;30;" which specify who is speaking and when the line shows up. Please copy it exactly in your translations.
8.0.1 26-02-2020 14:07:44 MAJOR: null: LanguageData loaded: bs_ba. Wand invitem name: Wand of Summoning
8.0.1 26-02-2020 15:11:21 Starting new session. Mods: examplemod 
8.0.1 26-02-2020 15:12:37 MAJOR: null: Loading language: bs_ba
8.0.1 26-02-2020 15:12:37 ERROR: null: Key goal.mineiron2 is present more than once in C:\Users\Guilherme\Desktop\MultiMC\instances\Cubic Chunks\.minecraft\mods\millenaire\languages\en\strings.txt
8.0.1 26-02-2020 15:12:37 ERROR: Culture: byzantines: en: In dialogue file C:\Users\Guilherme\Desktop\MultiMC\instances\Cubic Chunks\.minecraft\mods\millenaire\languages\en\byzantines_dialogues.txt the following line is invalid: //* Dialogue lines start with a code like "v2;30;" which specify who is speaking and when the line shows up. Please copy it exactly in your translations.
8.0.1 26-02-2020 15:12:38 MAJOR: null: LanguageData loaded: bs_ba. Wand invitem name: Wand of Summoning
8.0.1 26-02-2020 15:14:37 Starting new session. Mods: examplemod 
8.0.1 26-02-2020 15:15:46 MAJOR: null: Loading language: bs_ba
8.0.1 26-02-2020 15:15:46 ERROR: null: Key goal.mineiron2 is present more than once in C:\Users\Guilherme\Desktop\MultiMC\instances\Cubic Chunks\.minecraft\mods\millenaire\languages\en\strings.txt
8.0.1 26-02-2020 15:15:46 ERROR: Culture: byzantines: en: In dialogue file C:\Users\Guilherme\Desktop\MultiMC\instances\Cubic Chunks\.minecraft\mods\millenaire\languages\en\byzantines_dialogues.txt the following line is invalid: //* Dialogue lines start with a code like "v2;30;" which specify who is speaking and when the line shows up. Please copy it exactly in your translations.
8.0.1 26-02-2020 15:15:47 MAJOR: null: LanguageData loaded: bs_ba. Wand invitem name: Wand of Summoning
8.0.1 26-02-2020 15:35:41 Starting new session. Mods: examplemod 
8.0.1 26-02-2020 15:36:54 MAJOR: null: Loading language: bs_ba
8.0.1 26-02-2020 15:36:54 ERROR: null: Key goal.mineiron2 is present more than once in C:\Users\Guilherme\Desktop\MultiMC\instances\Cubic Chunks\.minecraft\mods\millenaire\languages\en\strings.txt
8.0.1 26-02-2020 15:36:54 ERROR: Culture: byzantines: en: In dialogue file C:\Users\Guilherme\Desktop\MultiMC\instances\Cubic Chunks\.minecraft\mods\millenaire\languages\en\byzantines_dialogues.txt the following line is invalid: //* Dialogue lines start with a code like "v2;30;" which specify who is speaking and when the line shows up. Please copy it exactly in your translations.
8.0.1 26-02-2020 15:36:56 MAJOR: null: LanguageData loaded: bs_ba. Wand invitem name: Wand of Summoning
8.0.1 26-02-2020 15:44:05 Starting new session. Mods: examplemod 
8.0.1 26-02-2020 15:45:03 MAJOR: null: Loading language: bs_ba
8.0.1 26-02-2020 15:45:03 ERROR: null: Key goal.mineiron2 is present more than once in C:\Users\Guilherme\Desktop\MultiMC\instances\Cubic Chunks\.minecraft\mods\millenaire\languages\en\strings.txt
8.0.1 26-02-2020 15:45:03 ERROR: Culture: byzantines: en: In dialogue file C:\Users\Guilherme\Desktop\MultiMC\instances\Cubic Chunks\.minecraft\mods\millenaire\languages\en\byzantines_dialogues.txt the following line is invalid: //* Dialogue lines start with a code like "v2;30;" which specify who is speaking and when the line shows up. Please copy it exactly in your translations.
8.0.1 26-02-2020 15:45:04 MAJOR: null: LanguageData loaded: bs_ba. Wand invitem name: Wand of Summoning
8.0.1 26-02-2020 15:58:38 Starting new session. Mods: examplemod 
8.0.1 26-02-2020 15:59:35 MAJOR: null: Loading language: bs_ba
8.0.1 26-02-2020 15:59:35 ERROR: null: Key goal.mineiron2 is present more than once in C:\Users\Guilherme\Desktop\MultiMC\instances\Cubic Chunks\.minecraft\mods\millenaire\languages\en\strings.txt
8.0.1 26-02-2020 15:59:35 ERROR: Culture: byzantines: en: In dialogue file C:\Users\Guilherme\Desktop\MultiMC\instances\Cubic Chunks\.minecraft\mods\millenaire\languages\en\byzantines_dialogues.txt the following line is invalid: //* Dialogue lines start with a code like "v2;30;" which specify who is speaking and when the line shows up. Please copy it exactly in your translations.
8.0.1 26-02-2020 15:59:36 MAJOR: null: LanguageData loaded: bs_ba. Wand invitem name: Wand of Summoning
8.0.1 26-02-2020 16:02:35 Starting new session. Mods: examplemod 
8.0.1 26-02-2020 16:03:29 MAJOR: null: Loading language: bs_ba
8.0.1 26-02-2020 16:03:29 ERROR: null: Key goal.mineiron2 is present more than once in C:\Users\Guilherme\Desktop\MultiMC\instances\Cubic Chunks\.minecraft\mods\millenaire\languages\en\strings.txt
8.0.1 26-02-2020 16:03:29 ERROR: Culture: byzantines: en: In dialogue file C:\Users\Guilherme\Desktop\MultiMC\instances\Cubic Chunks\.minecraft\mods\millenaire\languages\en\byzantines_dialogues.txt the following line is invalid: //* Dialogue lines start with a code like "v2;30;" which specify who is speaking and when the line shows up. Please copy it exactly in your translations.
8.0.1 26-02-2020 16:03:30 MAJOR: null: LanguageData loaded: bs_ba. Wand invitem name: Wand of Summoning
8.0.1 26-02-2020 23:55:04 Starting new session. Mods: examplemod 
8.0.1 26-02-2020 23:56:05 MAJOR: null: Loading language: bs_ba
8.0.1 26-02-2020 23:56:05 ERROR: null: Key goal.mineiron2 is present more than once in C:\Users\Guilherme\Desktop\MultiMC\instances\Cubic Chunks\.minecraft\mods\millenaire\languages\en\strings.txt
8.0.1 26-02-2020 23:56:05 ERROR: Culture: byzantines: en: In dialogue file C:\Users\Guilherme\Desktop\MultiMC\instances\Cubic Chunks\.minecraft\mods\millenaire\languages\en\byzantines_dialogues.txt the following line is invalid: //* Dialogue lines start with a code like "v2;30;" which specify who is speaking and when the line shows up. Please copy it exactly in your translations.
8.0.1 26-02-2020 23:56:06 MAJOR: null: LanguageData loaded: bs_ba. Wand invitem name: Wand of Summoning
8.0.1 27-02-2020 00:17:35 Starting new session. Mods: examplemod 
8.0.1 27-02-2020 00:18:42 MAJOR: null: Loading language: bs_ba
8.0.1 27-02-2020 00:18:42 ERROR: null: Key goal.mineiron2 is present more than once in C:\Users\Guilherme\Desktop\MultiMC\instances\Cubic Chunks\.minecraft\mods\millenaire\languages\en\strings.txt
8.0.1 27-02-2020 00:18:43 ERROR: Culture: byzantines: en: In dialogue file C:\Users\Guilherme\Desktop\MultiMC\instances\Cubic Chunks\.minecraft\mods\millenaire\languages\en\byzantines_dialogues.txt the following line is invalid: //* Dialogue lines start with a code like "v2;30;" which specify who is speaking and when the line shows up. Please copy it exactly in your translations.
8.0.1 27-02-2020 00:18:43 MAJOR: null: LanguageData loaded: bs_ba. Wand invitem name: Wand of Summoning
8.0.1 27-02-2020 00:38:46 Starting new session. Mods: examplemod 
8.0.1 27-02-2020 00:40:04 MAJOR: null: Loading language: bs_ba
8.0.1 27-02-2020 00:40:04 ERROR: null: Key goal.mineiron2 is present more than once in C:\Users\Guilherme\Desktop\MultiMC\instances\Cubic Chunks\.minecraft\mods\millenaire\languages\en\strings.txt
8.0.1 27-02-2020 00:40:04 ERROR: Culture: byzantines: en: In dialogue file C:\Users\Guilherme\Desktop\MultiMC\instances\Cubic Chunks\.minecraft\mods\millenaire\languages\en\byzantines_dialogues.txt the following line is invalid: //* Dialogue lines start with a code like "v2;30;" which specify who is speaking and when the line shows up. Please copy it exactly in your translations.
8.0.1 27-02-2020 00:40:05 MAJOR: null: LanguageData loaded: bs_ba. Wand invitem name: Wand of Summoning
8.0.1 27-02-2020 00:51:34 Starting new session. Mods: examplemod 
8.0.1 27-02-2020 00:52:35 MAJOR: null: Loading language: bs_ba
8.0.1 27-02-2020 00:52:35 ERROR: null: Key goal.mineiron2 is present more than once in C:\Users\Guilherme\Desktop\MultiMC\instances\Cubic Chunks\.minecraft\mods\millenaire\languages\en\strings.txt
8.0.1 27-02-2020 00:52:35 ERROR: Culture: byzantines: en: In dialogue file C:\Users\Guilherme\Desktop\MultiMC\instances\Cubic Chunks\.minecraft\mods\millenaire\languages\en\byzantines_dialogues.txt the following line is invalid: //* Dialogue lines start with a code like "v2;30;" which specify who is speaking and when the line shows up. Please copy it exactly in your translations.
8.0.1 27-02-2020 00:52:36 MAJOR: null: LanguageData loaded: bs_ba. Wand invitem name: Wand of Summoning
8.0.1 27-02-2020 01:26:25 Starting new session. Mods: examplemod 
8.0.1 27-02-2020 01:27:26 MAJOR: null: Loading language: bs_ba
8.0.1 27-02-2020 01:27:26 ERROR: null: Key goal.mineiron2 is present more than once in C:\Users\Guilherme\Desktop\MultiMC\instances\Cubic Chunks\.minecraft\mods\millenaire\languages\en\strings.txt
8.0.1 27-02-2020 01:27:26 ERROR: Culture: byzantines: en: In dialogue file C:\Users\Guilherme\Desktop\MultiMC\instances\Cubic Chunks\.minecraft\mods\millenaire\languages\en\byzantines_dialogues.txt the following line is invalid: //* Dialogue lines start with a code like "v2;30;" which specify who is speaking and when the line shows up. Please copy it exactly in your translations.
8.0.1 27-02-2020 01:27:27 MAJOR: null: LanguageData loaded: bs_ba. Wand invitem name: Wand of Summoning
8.0.1 27-02-2020 01:36:59 Starting new session. Mods: examplemod 
8.0.1 27-02-2020 01:37:58 MAJOR: null: Loading language: bs_ba
8.0.1 27-02-2020 01:37:58 ERROR: null: Key goal.mineiron2 is present more than once in C:\Users\Guilherme\Desktop\MultiMC\instances\Cubic Chunks\.minecraft\mods\millenaire\languages\en\strings.txt
8.0.1 27-02-2020 01:37:58 ERROR: Culture: byzantines: en: In dialogue file C:\Users\Guilherme\Desktop\MultiMC\instances\Cubic Chunks\.minecraft\mods\millenaire\languages\en\byzantines_dialogues.txt the following line is invalid: //* Dialogue lines start with a code like "v2;30;" which specify who is speaking and when the line shows up. Please copy it exactly in your translations.
8.0.1 27-02-2020 01:37:59 MAJOR: null: LanguageData loaded: bs_ba. Wand invitem name: Wand of Summoning
8.0.1 27-02-2020 01:46:22 Starting new session. Mods: examplemod 
8.0.1 27-02-2020 01:47:23 MAJOR: null: Loading language: bs_ba
8.0.1 27-02-2020 01:47:23 ERROR: null: Key goal.mineiron2 is present more than once in C:\Users\Guilherme\Desktop\MultiMC\instances\Cubic Chunks\.minecraft\mods\millenaire\languages\en\strings.txt
8.0.1 27-02-2020 01:47:23 ERROR: Culture: byzantines: en: In dialogue file C:\Users\Guilherme\Desktop\MultiMC\instances\Cubic Chunks\.minecraft\mods\millenaire\languages\en\byzantines_dialogues.txt the following line is invalid: //* Dialogue lines start with a code like "v2;30;" which specify who is speaking and when the line shows up. Please copy it exactly in your translations.
8.0.1 27-02-2020 01:47:24 MAJOR: null: LanguageData loaded: bs_ba. Wand invitem name: Wand of Summoning
8.0.1 27-02-2020 01:54:20 Starting new session. Mods: examplemod 
8.0.1 27-02-2020 01:55:38 MAJOR: null: Loading language: bs_ba
8.0.1 27-02-2020 01:55:38 ERROR: null: Key goal.mineiron2 is present more than once in C:\Users\Guilherme\Desktop\MultiMC\instances\Cubic Chunks\.minecraft\mods\millenaire\languages\en\strings.txt
8.0.1 27-02-2020 01:55:38 ERROR: Culture: byzantines: en: In dialogue file C:\Users\Guilherme\Desktop\MultiMC\instances\Cubic Chunks\.minecraft\mods\millenaire\languages\en\byzantines_dialogues.txt the following line is invalid: //* Dialogue lines start with a code like "v2;30;" which specify who is speaking and when the line shows up. Please copy it exactly in your translations.
8.0.1 27-02-2020 01:55:39 MAJOR: null: LanguageData loaded: bs_ba. Wand invitem name: Wand of Summoning
8.0.1 27-02-2020 04:59:58 Starting new session. Mods: examplemod 
8.0.1 27-02-2020 05:01:14 MAJOR: null: Loading language: bs_ba
8.0.1 27-02-2020 05:01:14 ERROR: null: Key goal.mineiron2 is present more than once in C:\Users\Guilherme\Desktop\MultiMC\instances\Cubic Chunks\.minecraft\mods\millenaire\languages\en\strings.txt
8.0.1 27-02-2020 05:01:14 ERROR: Culture: byzantines: en: In dialogue file C:\Users\Guilherme\Desktop\MultiMC\instances\Cubic Chunks\.minecraft\mods\millenaire\languages\en\byzantines_dialogues.txt the following line is invalid: //* Dialogue lines start with a code like "v2;30;" which specify who is speaking and when the line shows up. Please copy it exactly in your translations.
8.0.1 27-02-2020 05:01:15 MAJOR: null: LanguageData loaded: bs_ba. Wand invitem name: Wand of Summoning
8.0.1 27-02-2020 05:03:31 Starting new session. Mods: examplemod 
8.0.1 27-02-2020 05:04:45 MAJOR: null: Loading language: bs_ba
8.0.1 27-02-2020 05:04:45 ERROR: null: Key goal.mineiron2 is present more than once in C:\Users\Guilherme\Desktop\MultiMC\instances\Cubic Chunks\.minecraft\mods\millenaire\languages\en\strings.txt
8.0.1 27-02-2020 05:04:45 ERROR: Culture: byzantines: en: In dialogue file C:\Users\Guilherme\Desktop\MultiMC\instances\Cubic Chunks\.minecraft\mods\millenaire\languages\en\byzantines_dialogues.txt the following line is invalid: //* Dialogue lines start with a code like "v2;30;" which specify who is speaking and when the line shows up. Please copy it exactly in your translations.
8.0.1 27-02-2020 05:04:46 MAJOR: null: LanguageData loaded: bs_ba. Wand invitem name: Wand of Summoning
8.0.1 27-02-2020 05:05:55 Starting new session. Mods: examplemod 
8.0.1 27-02-2020 05:06:58 MAJOR: null: Loading language: bs_ba
8.0.1 27-02-2020 05:06:59 ERROR: null: Key goal.mineiron2 is present more than once in C:\Users\Guilherme\Desktop\MultiMC\instances\Cubic Chunks\.minecraft\mods\millenaire\languages\en\strings.txt
8.0.1 27-02-2020 05:06:59 ERROR: Culture: byzantines: en: In dialogue file C:\Users\Guilherme\Desktop\MultiMC\instances\Cubic Chunks\.minecraft\mods\millenaire\languages\en\byzantines_dialogues.txt the following line is invalid: //* Dialogue lines start with a code like "v2;30;" which specify who is speaking and when the line shows up. Please copy it exactly in your translations.
8.0.1 27-02-2020 05:07:00 MAJOR: null: LanguageData loaded: bs_ba. Wand invitem name: Wand of Summoning
8.0.1 27-02-2020 05:17:59 Starting new session. Mods: examplemod 
8.0.1 27-02-2020 05:19:03 MAJOR: null: Loading language: bs_ba
8.0.1 27-02-2020 05:19:03 ERROR: null: Key goal.mineiron2 is present more than once in C:\Users\Guilherme\Desktop\MultiMC\instances\Cubic Chunks\.minecraft\mods\millenaire\languages\en\strings.txt
8.0.1 27-02-2020 05:19:03 ERROR: Culture: byzantines: en: In dialogue file C:\Users\Guilherme\Desktop\MultiMC\instances\Cubic Chunks\.minecraft\mods\millenaire\languages\en\byzantines_dialogues.txt the following line is invalid: //* Dialogue lines start with a code like "v2;30;" which specify who is speaking and when the line shows up. Please copy it exactly in your translations.
8.0.1 27-02-2020 05:19:04 MAJOR: null: LanguageData loaded: bs_ba. Wand invitem name: Wand of Summoning
8.0.1 27-02-2020 05:31:26 Starting new session. Mods: examplemod 
8.0.1 27-02-2020 05:32:28 MAJOR: null: Loading language: bs_ba
8.0.1 27-02-2020 05:32:28 ERROR: null: Key goal.mineiron2 is present more than once in C:\Users\Guilherme\Desktop\MultiMC\instances\Cubic Chunks\.minecraft\mods\millenaire\languages\en\strings.txt
8.0.1 27-02-2020 05:32:28 ERROR: Culture: byzantines: en: In dialogue file C:\Users\Guilherme\Desktop\MultiMC\instances\Cubic Chunks\.minecraft\mods\millenaire\languages\en\byzantines_dialogues.txt the following line is invalid: //* Dialogue lines start with a code like "v2;30;" which specify who is speaking and when the line shows up. Please copy it exactly in your translations.
8.0.1 27-02-2020 05:32:29 MAJOR: null: LanguageData loaded: bs_ba. Wand invitem name: Wand of Summoning
8.0.1 27-02-2020 05:43:38 Starting new session. Mods: examplemod 
8.0.1 27-02-2020 05:44:40 MAJOR: null: Loading language: bs_ba
8.0.1 27-02-2020 05:44:40 ERROR: null: Key goal.mineiron2 is present more than once in C:\Users\Guilherme\Desktop\MultiMC\instances\Cubic Chunks\.minecraft\mods\millenaire\languages\en\strings.txt
8.0.1 27-02-2020 05:44:40 ERROR: Culture: byzantines: en: In dialogue file C:\Users\Guilherme\Desktop\MultiMC\instances\Cubic Chunks\.minecraft\mods\millenaire\languages\en\byzantines_dialogues.txt the following line is invalid: //* Dialogue lines start with a code like "v2;30;" which specify who is speaking and when the line shows up. Please copy it exactly in your translations.
8.0.1 27-02-2020 05:44:41 MAJOR: null: LanguageData loaded: bs_ba. Wand invitem name: Wand of Summoning
8.0.1 27-02-2020 05:48:07 Starting new session. Mods: examplemod 
8.0.1 27-02-2020 05:49:09 MAJOR: null: Loading language: bs_ba
8.0.1 27-02-2020 05:49:09 ERROR: null: Key goal.mineiron2 is present more than once in C:\Users\Guilherme\Desktop\MultiMC\instances\Cubic Chunks\.minecraft\mods\millenaire\languages\en\strings.txt
8.0.1 27-02-2020 05:49:09 ERROR: Culture: byzantines: en: In dialogue file C:\Users\Guilherme\Desktop\MultiMC\instances\Cubic Chunks\.minecraft\mods\millenaire\languages\en\byzantines_dialogues.txt the following line is invalid: //* Dialogue lines start with a code like "v2;30;" which specify who is speaking and when the line shows up. Please copy it exactly in your translations.
8.0.1 27-02-2020 05:49:10 MAJOR: null: LanguageData loaded: bs_ba. Wand invitem name: Wand of Summoning
8.0.1 27-02-2020 10:15:05 Starting new session. Mods: examplemod 
8.0.1 27-02-2020 10:15:57 MAJOR: null: Loading language: en_us
8.0.1 27-02-2020 10:15:57 ERROR: null: Key goal.mineiron2 is present more than once in C:\Users\Guilherme\Desktop\MultiMC\instances\modpack_sem_CC\.minecraft\mods\millenaire\languages\en\strings.txt
8.0.1 27-02-2020 10:15:57 ERROR: null: Key goal.mineiron2 is present more than once in C:\Users\Guilherme\Desktop\MultiMC\instances\modpack_sem_CC\.minecraft\mods\millenaire\languages\en\strings.txt
8.0.1 27-02-2020 10:15:57 ERROR: Culture: byzantines: en_us: In dialogue file C:\Users\Guilherme\Desktop\MultiMC\instances\modpack_sem_CC\.minecraft\mods\millenaire\languages\en\byzantines_dialogues.txt the following line is invalid: //* Dialogue lines start with a code like "v2;30;" which specify who is speaking and when the line shows up. Please copy it exactly in your translations.
8.0.1 27-02-2020 10:15:57 ERROR: Culture: byzantines: en: In dialogue file C:\Users\Guilherme\Desktop\MultiMC\instances\modpack_sem_CC\.minecraft\mods\millenaire\languages\en\byzantines_dialogues.txt the following line is invalid: //* Dialogue lines start with a code like "v2;30;" which specify who is speaking and when the line shows up. Please copy it exactly in your translations.
8.0.1 27-02-2020 10:15:58 MAJOR: null: LanguageData loaded: en_us. Wand invitem name: Wand of Summoning
8.0.1 27-02-2020 10:20:14 Starting new session. Mods: examplemod 
8.0.1 27-02-2020 10:21:13 MAJOR: null: Loading language: en_us
8.0.1 27-02-2020 10:21:13 ERROR: null: Key goal.mineiron2 is present more than once in C:\Users\Guilherme\Desktop\MultiMC\instances\modpack_sem_CC\.minecraft\mods\millenaire\languages\en\strings.txt
8.0.1 27-02-2020 10:21:14 ERROR: null: Key goal.mineiron2 is present more than once in C:\Users\Guilherme\Desktop\MultiMC\instances\modpack_sem_CC\.minecraft\mods\millenaire\languages\en\strings.txt
8.0.1 27-02-2020 10:21:14 ERROR: Culture: byzantines: en_us: In dialogue file C:\Users\Guilherme\Desktop\MultiMC\instances\modpack_sem_CC\.minecraft\mods\millenaire\languages\en\byzantines_dialogues.txt the following line is invalid: //* Dialogue lines start with a code like "v2;30;" which specify who is speaking and when the line shows up. Please copy it exactly in your translations.
8.0.1 27-02-2020 10:21:14 ERROR: Culture: byzantines: en: In dialogue file C:\Users\Guilherme\Desktop\MultiMC\instances\modpack_sem_CC\.minecraft\mods\millenaire\languages\en\byzantines_dialogues.txt the following line is invalid: //* Dialogue lines start with a code like "v2;30;" which specify who is speaking and when the line shows up. Please copy it exactly in your translations.
8.0.1 27-02-2020 10:21:14 MAJOR: null: LanguageData loaded: en_us. Wand invitem name: Wand of Summoning
8.0.1 27-02-2020 10:28:46 Starting new session. Mods: examplemod 
8.0.1 27-02-2020 10:30:08 MAJOR: null: Loading language: en_us
8.0.1 27-02-2020 10:30:08 ERROR: null: Key goal.mineiron2 is present more than once in C:\Users\Guilherme\Desktop\MultiMC\instances\modpack_sem_CC\.minecraft\mods\millenaire\languages\en\strings.txt
8.0.1 27-02-2020 10:30:08 ERROR: null: Key goal.mineiron2 is present more than once in C:\Users\Guilherme\Desktop\MultiMC\instances\modpack_sem_CC\.minecraft\mods\millenaire\languages\en\strings.txt
8.0.1 27-02-2020 10:30:08 ERROR: Culture: byzantines: en_us: In dialogue file C:\Users\Guilherme\Desktop\MultiMC\instances\modpack_sem_CC\.minecraft\mods\millenaire\languages\en\byzantines_dialogues.txt the following line is invalid: //* Dialogue lines start with a code like "v2;30;" which specify who is speaking and when the line shows up. Please copy it exactly in your translations.
8.0.1 27-02-2020 10:30:08 ERROR: Culture: byzantines: en: In dialogue file C:\Users\Guilherme\Desktop\MultiMC\instances\modpack_sem_CC\.minecraft\mods\millenaire\languages\en\byzantines_dialogues.txt the following line is invalid: //* Dialogue lines start with a code like "v2;30;" which specify who is speaking and when the line shows up. Please copy it exactly in your translations.
8.0.1 27-02-2020 10:30:08 MAJOR: null: LanguageData loaded: en_us. Wand invitem name: Wand of Summoning
8.0.1 27-02-2020 10:36:43 Starting new session. Mods: examplemod 
8.0.1 27-02-2020 10:38:04 MAJOR: null: Loading language: en_us
8.0.1 27-02-2020 10:38:04 ERROR: null: Key goal.mineiron2 is present more than once in C:\Users\Guilherme\Desktop\MultiMC\instances\modpack_sem_CC\.minecraft\mods\millenaire\languages\en\strings.txt
8.0.1 27-02-2020 10:38:04 ERROR: null: Key goal.mineiron2 is present more than once in C:\Users\Guilherme\Desktop\MultiMC\instances\modpack_sem_CC\.minecraft\mods\millenaire\languages\en\strings.txt
8.0.1 27-02-2020 10:38:05 ERROR: Culture: byzantines: en_us: In dialogue file C:\Users\Guilherme\Desktop\MultiMC\instances\modpack_sem_CC\.minecraft\mods\millenaire\languages\en\byzantines_dialogues.txt the following line is invalid: //* Dialogue lines start with a code like "v2;30;" which specify who is speaking and when the line shows up. Please copy it exactly in your translations.
8.0.1 27-02-2020 10:38:05 ERROR: Culture: byzantines: en: In dialogue file C:\Users\Guilherme\Desktop\MultiMC\instances\modpack_sem_CC\.minecraft\mods\millenaire\languages\en\byzantines_dialogues.txt the following line is invalid: //* Dialogue lines start with a code like "v2;30;" which specify who is speaking and when the line shows up. Please copy it exactly in your translations.
8.0.1 27-02-2020 10:38:05 MAJOR: null: LanguageData loaded: en_us. Wand invitem name: Wand of Summoning
8.0.1 27-02-2020 10:57:32 Starting new session. Mods: examplemod 
8.0.1 27-02-2020 10:58:42 MAJOR: null: Loading language: en_us
8.0.1 27-02-2020 10:58:42 ERROR: null: Key goal.mineiron2 is present more than once in C:\Users\Guilherme\Desktop\MultiMC\instances\modpack_sem_CC\.minecraft\mods\millenaire\languages\en\strings.txt
8.0.1 27-02-2020 10:58:42 ERROR: null: Key goal.mineiron2 is present more than once in C:\Users\Guilherme\Desktop\MultiMC\instances\modpack_sem_CC\.minecraft\mods\millenaire\languages\en\strings.txt
8.0.1 27-02-2020 10:58:42 ERROR: Culture: byzantines: en_us: In dialogue file C:\Users\Guilherme\Desktop\MultiMC\instances\modpack_sem_CC\.minecraft\mods\millenaire\languages\en\byzantines_dialogues.txt the following line is invalid: //* Dialogue lines start with a code like "v2;30;" which specify who is speaking and when the line shows up. Please copy it exactly in your translations.
8.0.1 27-02-2020 10:58:42 ERROR: Culture: byzantines: en: In dialogue file C:\Users\Guilherme\Desktop\MultiMC\instances\modpack_sem_CC\.minecraft\mods\millenaire\languages\en\byzantines_dialogues.txt the following line is invalid: //* Dialogue lines start with a code like "v2;30;" which specify who is speaking and when the line shows up. Please copy it exactly in your translations.
8.0.1 27-02-2020 10:58:43 MAJOR: null: LanguageData loaded: en_us. Wand invitem name: Wand of Summoning
8.0.1 27-02-2020 11:15:07 Starting new session. Mods: examplemod 
8.0.1 27-02-2020 11:16:21 MAJOR: null: Loading language: en_us
8.0.1 27-02-2020 11:16:21 ERROR: null: Key goal.mineiron2 is present more than once in C:\Users\Guilherme\Desktop\MultiMC\instances\modpack_sem_CC\.minecraft\mods\millenaire\languages\en\strings.txt
8.0.1 27-02-2020 11:16:21 ERROR: null: Key goal.mineiron2 is present more than once in C:\Users\Guilherme\Desktop\MultiMC\instances\modpack_sem_CC\.minecraft\mods\millenaire\languages\en\strings.txt
8.0.1 27-02-2020 11:16:21 ERROR: Culture: byzantines: en_us: In dialogue file C:\Users\Guilherme\Desktop\MultiMC\instances\modpack_sem_CC\.minecraft\mods\millenaire\languages\en\byzantines_dialogues.txt the following line is invalid: //* Dialogue lines start with a code like "v2;30;" which specify who is speaking and when the line shows up. Please copy it exactly in your translations.
8.0.1 27-02-2020 11:16:21 ERROR: Culture: byzantines: en: In dialogue file C:\Users\Guilherme\Desktop\MultiMC\instances\modpack_sem_CC\.minecraft\mods\millenaire\languages\en\byzantines_dialogues.txt the following line is invalid: //* Dialogue lines start with a code like "v2;30;" which specify who is speaking and when the line shows up. Please copy it exactly in your translations.
8.0.1 27-02-2020 11:16:22 MAJOR: null: LanguageData loaded: en_us. Wand invitem name: Wand of Summoning
8.0.1 27-02-2020 11:21:27 Starting new session. Mods: examplemod 
8.0.1 27-02-2020 11:22:40 MAJOR: null: Loading language: en_us
8.0.1 27-02-2020 11:22:40 ERROR: null: Key goal.mineiron2 is present more than once in C:\Users\Guilherme\Desktop\MultiMC\instances\modpack_sem_CC\.minecraft\mods\millenaire\languages\en\strings.txt
8.0.1 27-02-2020 11:22:40 ERROR: null: Key goal.mineiron2 is present more than once in C:\Users\Guilherme\Desktop\MultiMC\instances\modpack_sem_CC\.minecraft\mods\millenaire\languages\en\strings.txt
8.0.1 27-02-2020 11:22:40 ERROR: Culture: byzantines: en_us: In dialogue file C:\Users\Guilherme\Desktop\MultiMC\instances\modpack_sem_CC\.minecraft\mods\millenaire\languages\en\byzantines_dialogues.txt the following line is invalid: //* Dialogue lines start with a code like "v2;30;" which specify who is speaking and when the line shows up. Please copy it exactly in your translations.
8.0.1 27-02-2020 11:22:40 ERROR: Culture: byzantines: en: In dialogue file C:\Users\Guilherme\Desktop\MultiMC\instances\modpack_sem_CC\.minecraft\mods\millenaire\languages\en\byzantines_dialogues.txt the following line is invalid: //* Dialogue lines start with a code like "v2;30;" which specify who is speaking and when the line shows up. Please copy it exactly in your translations.
8.0.1 27-02-2020 11:22:41 MAJOR: null: LanguageData loaded: en_us. Wand invitem name: Wand of Summoning
8.0.1 27-02-2020 12:52:37 Starting new session. Mods: examplemod 
8.0.1 27-02-2020 12:53:53 MAJOR: null: Loading language: en_us
8.0.1 27-02-2020 12:53:53 ERROR: null: Key goal.mineiron2 is present more than once in C:\Users\Guilherme\Desktop\MultiMC\instances\modpack_sem_CC\.minecraft\mods\millenaire\languages\en\strings.txt
8.0.1 27-02-2020 12:53:53 ERROR: null: Key goal.mineiron2 is present more than once in C:\Users\Guilherme\Desktop\MultiMC\instances\modpack_sem_CC\.minecraft\mods\millenaire\languages\en\strings.txt
8.0.1 27-02-2020 12:53:53 ERROR: Culture: byzantines: en_us: In dialogue file C:\Users\Guilherme\Desktop\MultiMC\instances\modpack_sem_CC\.minecraft\mods\millenaire\languages\en\byzantines_dialogues.txt the following line is invalid: //* Dialogue lines start with a code like "v2;30;" which specify who is speaking and when the line shows up. Please copy it exactly in your translations.
8.0.1 27-02-2020 12:53:53 ERROR: Culture: byzantines: en: In dialogue file C:\Users\Guilherme\Desktop\MultiMC\instances\modpack_sem_CC\.minecraft\mods\millenaire\languages\en\byzantines_dialogues.txt the following line is invalid: //* Dialogue lines start with a code like "v2;30;" which specify who is speaking and when the line shows up. Please copy it exactly in your translations.
8.0.1 27-02-2020 12:53:54 MAJOR: null: LanguageData loaded: en_us. Wand invitem name: Wand of Summoning
8.0.1 27-02-2020 13:01:48 Starting new session. Mods: examplemod 
8.0.1 27-02-2020 13:03:02 MAJOR: null: Loading language: en_us
8.0.1 27-02-2020 13:03:02 ERROR: null: Key goal.mineiron2 is present more than once in C:\Users\Guilherme\Desktop\MultiMC\instances\modpack_sem_CC\.minecraft\mods\millenaire\languages\en\strings.txt
8.0.1 27-02-2020 13:03:02 ERROR: null: Key goal.mineiron2 is present more than once in C:\Users\Guilherme\Desktop\MultiMC\instances\modpack_sem_CC\.minecraft\mods\millenaire\languages\en\strings.txt
8.0.1 27-02-2020 13:03:02 ERROR: Culture: byzantines: en_us: In dialogue file C:\Users\Guilherme\Desktop\MultiMC\instances\modpack_sem_CC\.minecraft\mods\millenaire\languages\en\byzantines_dialogues.txt the following line is invalid: //* Dialogue lines start with a code like "v2;30;" which specify who is speaking and when the line shows up. Please copy it exactly in your translations.
8.0.1 27-02-2020 13:03:02 ERROR: Culture: byzantines: en: In dialogue file C:\Users\Guilherme\Desktop\MultiMC\instances\modpack_sem_CC\.minecraft\mods\millenaire\languages\en\byzantines_dialogues.txt the following line is invalid: //* Dialogue lines start with a code like "v2;30;" which specify who is speaking and when the line shows up. Please copy it exactly in your translations.
8.0.1 27-02-2020 13:03:03 MAJOR: null: LanguageData loaded: en_us. Wand invitem name: Wand of Summoning
8.0.1 27-02-2020 13:24:18 Starting new session. Mods: examplemod 
8.0.1 27-02-2020 13:25:31 MAJOR: null: Loading language: en_us
8.0.1 27-02-2020 13:25:31 ERROR: null: Key goal.mineiron2 is present more than once in C:\Users\Guilherme\Desktop\MultiMC\instances\modpack_sem_CC\.minecraft\mods\millenaire\languages\en\strings.txt
8.0.1 27-02-2020 13:25:31 ERROR: null: Key goal.mineiron2 is present more than once in C:\Users\Guilherme\Desktop\MultiMC\instances\modpack_sem_CC\.minecraft\mods\millenaire\languages\en\strings.txt
8.0.1 27-02-2020 13:25:31 ERROR: Culture: byzantines: en_us: In dialogue file C:\Users\Guilherme\Desktop\MultiMC\instances\modpack_sem_CC\.minecraft\mods\millenaire\languages\en\byzantines_dialogues.txt the following line is invalid: //* Dialogue lines start with a code like "v2;30;" which specify who is speaking and when the line shows up. Please copy it exactly in your translations.
8.0.1 27-02-2020 13:25:31 ERROR: Culture: byzantines: en: In dialogue file C:\Users\Guilherme\Desktop\MultiMC\instances\modpack_sem_CC\.minecraft\mods\millenaire\languages\en\byzantines_dialogues.txt the following line is invalid: //* Dialogue lines start with a code like "v2;30;" which specify who is speaking and when the line shows up. Please copy it exactly in your translations.
8.0.1 27-02-2020 13:25:32 MAJOR: null: LanguageData loaded: en_us. Wand invitem name: Wand of Summoning
8.0.1 27-02-2020 13:57:23 Starting new session. Mods: examplemod 
8.0.1 27-02-2020 13:58:49 MAJOR: null: Loading language: en_us
8.0.1 27-02-2020 13:58:49 ERROR: null: Key goal.mineiron2 is present more than once in C:\Users\Guilherme\Desktop\MultiMC\instances\modpack_sem_CC\.minecraft\mods\millenaire\languages\en\strings.txt
8.0.1 27-02-2020 13:58:49 ERROR: null: Key goal.mineiron2 is present more than once in C:\Users\Guilherme\Desktop\MultiMC\instances\modpack_sem_CC\.minecraft\mods\millenaire\languages\en\strings.txt
8.0.1 27-02-2020 13:58:49 ERROR: Culture: byzantines: en_us: In dialogue file C:\Users\Guilherme\Desktop\MultiMC\instances\modpack_sem_CC\.minecraft\mods\millenaire\languages\en\byzantines_dialogues.txt the following line is invalid: //* Dialogue lines start with a code like "v2;30;" which specify who is speaking and when the line shows up. Please copy it exactly in your translations.
8.0.1 27-02-2020 13:58:49 ERROR: Culture: byzantines: en: In dialogue file C:\Users\Guilherme\Desktop\MultiMC\instances\modpack_sem_CC\.minecraft\mods\millenaire\languages\en\byzantines_dialogues.txt the following line is invalid: //* Dialogue lines start with a code like "v2;30;" which specify who is speaking and when the line shows up. Please copy it exactly in your translations.
8.0.1 27-02-2020 13:58:50 MAJOR: null: LanguageData loaded: en_us. Wand invitem name: Wand of Summoning
8.0.1 27-02-2020 14:34:42 Starting new session. Mods: examplemod 
8.0.1 27-02-2020 14:36:19 MAJOR: null: Loading language: en_us
8.0.1 27-02-2020 14:36:19 ERROR: null: Key goal.mineiron2 is present more than once in C:\Users\Guilherme\Desktop\MultiMC\instances\modpack_sem_CC\.minecraft\mods\millenaire\languages\en\strings.txt
8.0.1 27-02-2020 14:36:19 ERROR: null: Key goal.mineiron2 is present more than once in C:\Users\Guilherme\Desktop\MultiMC\instances\modpack_sem_CC\.minecraft\mods\millenaire\languages\en\strings.txt
8.0.1 27-02-2020 14:36:19 ERROR: Culture: byzantines: en_us: In dialogue file C:\Users\Guilherme\Desktop\MultiMC\instances\modpack_sem_CC\.minecraft\mods\millenaire\languages\en\byzantines_dialogues.txt the following line is invalid: //* Dialogue lines start with a code like "v2;30;" which specify who is speaking and when the line shows up. Please copy it exactly in your translations.
8.0.1 27-02-2020 14:36:19 ERROR: Culture: byzantines: en: In dialogue file C:\Users\Guilherme\Desktop\MultiMC\instances\modpack_sem_CC\.minecraft\mods\millenaire\languages\en\byzantines_dialogues.txt the following line is invalid: //* Dialogue lines start with a code like "v2;30;" which specify who is speaking and when the line shows up. Please copy it exactly in your translations.
8.0.1 27-02-2020 14:36:20 MAJOR: null: LanguageData loaded: en_us. Wand invitem name: Wand of Summoning
8.0.1 27-02-2020 14:38:28 Starting new session. Mods: examplemod 
8.0.1 27-02-2020 14:40:01 MAJOR: null: Loading language: en_us
8.0.1 27-02-2020 14:40:01 ERROR: null: Key goal.mineiron2 is present more than once in C:\Users\Guilherme\Desktop\MultiMC\instances\modpack_sem_CC\.minecraft\mods\millenaire\languages\en\strings.txt
8.0.1 27-02-2020 14:40:01 ERROR: null: Key goal.mineiron2 is present more than once in C:\Users\Guilherme\Desktop\MultiMC\instances\modpack_sem_CC\.minecraft\mods\millenaire\languages\en\strings.txt
8.0.1 27-02-2020 14:40:01 ERROR: Culture: byzantines: en_us: In dialogue file C:\Users\Guilherme\Desktop\MultiMC\instances\modpack_sem_CC\.minecraft\mods\millenaire\languages\en\byzantines_dialogues.txt the following line is invalid: //* Dialogue lines start with a code like "v2;30;" which specify who is speaking and when the line shows up. Please copy it exactly in your translations.
8.0.1 27-02-2020 14:40:01 ERROR: Culture: byzantines: en: In dialogue file C:\Users\Guilherme\Desktop\MultiMC\instances\modpack_sem_CC\.minecraft\mods\millenaire\languages\en\byzantines_dialogues.txt the following line is invalid: //* Dialogue lines start with a code like "v2;30;" which specify who is speaking and when the line shows up. Please copy it exactly in your translations.
8.0.1 27-02-2020 14:40:01 MAJOR: null: LanguageData loaded: en_us. Wand invitem name: Wand of Summoning
8.0.1 27-02-2020 20:43:16 Starting new session. Mods: examplemod 
8.0.1 27-02-2020 20:44:49 MAJOR: null: Loading language: en_us
8.0.1 27-02-2020 20:44:49 ERROR: null: Key goal.mineiron2 is present more than once in C:\Users\Guilherme\Desktop\MultiMC\instances\modpack_sem_CC\.minecraft\mods\millenaire\languages\en\strings.txt
8.0.1 27-02-2020 20:44:49 ERROR: null: Key goal.mineiron2 is present more than once in C:\Users\Guilherme\Desktop\MultiMC\instances\modpack_sem_CC\.minecraft\mods\millenaire\languages\en\strings.txt
8.0.1 27-02-2020 20:44:49 ERROR: Culture: byzantines: en_us: In dialogue file C:\Users\Guilherme\Desktop\MultiMC\instances\modpack_sem_CC\.minecraft\mods\millenaire\languages\en\byzantines_dialogues.txt the following line is invalid: //* Dialogue lines start with a code like "v2;30;" which specify who is speaking and when the line shows up. Please copy it exactly in your translations.
8.0.1 27-02-2020 20:44:49 ERROR: Culture: byzantines: en: In dialogue file C:\Users\Guilherme\Desktop\MultiMC\instances\modpack_sem_CC\.minecraft\mods\millenaire\languages\en\byzantines_dialogues.txt the following line is invalid: //* Dialogue lines start with a code like "v2;30;" which specify who is speaking and when the line shows up. Please copy it exactly in your translations.
8.0.1 27-02-2020 20:44:50 MAJOR: null: LanguageData loaded: en_us. Wand invitem name: Wand of Summoning
8.0.1 27-02-2020 20:57:29 Starting new session. Mods: examplemod 
8.0.1 27-02-2020 20:59:04 MAJOR: null: Loading language: en_us
8.0.1 27-02-2020 20:59:04 ERROR: null: Key goal.mineiron2 is present more than once in C:\Users\Guilherme\Desktop\MultiMC\instances\modpack_sem_CC\.minecraft\mods\millenaire\languages\en\strings.txt
8.0.1 27-02-2020 20:59:04 ERROR: null: Key goal.mineiron2 is present more than once in C:\Users\Guilherme\Desktop\MultiMC\instances\modpack_sem_CC\.minecraft\mods\millenaire\languages\en\strings.txt
8.0.1 27-02-2020 20:59:04 ERROR: Culture: byzantines: en_us: In dialogue file C:\Users\Guilherme\Desktop\MultiMC\instances\modpack_sem_CC\.minecraft\mods\millenaire\languages\en\byzantines_dialogues.txt the following line is invalid: //* Dialogue lines start with a code like "v2;30;" which specify who is speaking and when the line shows up. Please copy it exactly in your translations.
8.0.1 27-02-2020 20:59:04 ERROR: Culture: byzantines: en: In dialogue file C:\Users\Guilherme\Desktop\MultiMC\instances\modpack_sem_CC\.minecraft\mods\millenaire\languages\en\byzantines_dialogues.txt the following line is invalid: //* Dialogue lines start with a code like "v2;30;" which specify who is speaking and when the line shows up. Please copy it exactly in your translations.
8.0.1 27-02-2020 20:59:05 MAJOR: null: LanguageData loaded: en_us. Wand invitem name: Wand of Summoning
8.0.1 27-02-2020 21:15:06 Starting new session. Mods: examplemod 
8.0.1 27-02-2020 21:16:43 MAJOR: null: Loading language: en_us
8.0.1 27-02-2020 21:16:43 ERROR: null: Key goal.mineiron2 is present more than once in C:\Users\Guilherme\Desktop\MultiMC\instances\modpack_sem_CC\.minecraft\mods\millenaire\languages\en\strings.txt
8.0.1 27-02-2020 21:16:43 ERROR: null: Key goal.mineiron2 is present more than once in C:\Users\Guilherme\Desktop\MultiMC\instances\modpack_sem_CC\.minecraft\mods\millenaire\languages\en\strings.txt
8.0.1 27-02-2020 21:16:43 ERROR: Culture: byzantines: en_us: In dialogue file C:\Users\Guilherme\Desktop\MultiMC\instances\modpack_sem_CC\.minecraft\mods\millenaire\languages\en\byzantines_dialogues.txt the following line is invalid: //* Dialogue lines start with a code like "v2;30;" which specify who is speaking and when the line shows up. Please copy it exactly in your translations.
8.0.1 27-02-2020 21:16:43 ERROR: Culture: byzantines: en: In dialogue file C:\Users\Guilherme\Desktop\MultiMC\instances\modpack_sem_CC\.minecraft\mods\millenaire\languages\en\byzantines_dialogues.txt the following line is invalid: //* Dialogue lines start with a code like "v2;30;" which specify who is speaking and when the line shows up. Please copy it exactly in your translations.
8.0.1 27-02-2020 21:16:44 MAJOR: null: LanguageData loaded: en_us. Wand invitem name: Wand of Summoning
8.0.1 28-02-2020 06:37:36 Starting new session. Mods: examplemod 
8.0.1 28-02-2020 06:39:13 MAJOR: null: Loading language: en_us
8.0.1 28-02-2020 06:39:13 ERROR: null: Key goal.mineiron2 is present more than once in C:\Users\Guilherme\Desktop\MultiMC\instances\modpack_sem_CC\.minecraft\mods\millenaire\languages\en\strings.txt
8.0.1 28-02-2020 06:39:13 ERROR: null: Key goal.mineiron2 is present more than once in C:\Users\Guilherme\Desktop\MultiMC\instances\modpack_sem_CC\.minecraft\mods\millenaire\languages\en\strings.txt
8.0.1 28-02-2020 06:39:13 ERROR: Culture: byzantines: en_us: In dialogue file C:\Users\Guilherme\Desktop\MultiMC\instances\modpack_sem_CC\.minecraft\mods\millenaire\languages\en\byzantines_dialogues.txt the following line is invalid: //* Dialogue lines start with a code like "v2;30;" which specify who is speaking and when the line shows up. Please copy it exactly in your translations.
8.0.1 28-02-2020 06:39:13 ERROR: Culture: byzantines: en: In dialogue file C:\Users\Guilherme\Desktop\MultiMC\instances\modpack_sem_CC\.minecraft\mods\millenaire\languages\en\byzantines_dialogues.txt the following line is invalid: //* Dialogue lines start with a code like "v2;30;" which specify who is speaking and when the line shows up. Please copy it exactly in your translations.
8.0.1 28-02-2020 06:39:14 MAJOR: null: LanguageData loaded: en_us. Wand invitem name: Wand of Summoning
8.0.1 28-02-2020 10:39:36 Starting new session. Mods: examplemod 
8.0.1 28-02-2020 10:41:15 MAJOR: null: Loading language: en_us
8.0.1 28-02-2020 10:41:15 ERROR: null: Key goal.mineiron2 is present more than once in C:\Users\Guilherme\Desktop\MultiMC\instances\modpack_sem_CC\.minecraft\mods\millenaire\languages\en\strings.txt
8.0.1 28-02-2020 10:41:15 ERROR: null: Key goal.mineiron2 is present more than once in C:\Users\Guilherme\Desktop\MultiMC\instances\modpack_sem_CC\.minecraft\mods\millenaire\languages\en\strings.txt
8.0.1 28-02-2020 10:41:15 ERROR: Culture: byzantines: en_us: In dialogue file C:\Users\Guilherme\Desktop\MultiMC\instances\modpack_sem_CC\.minecraft\mods\millenaire\languages\en\byzantines_dialogues.txt the following line is invalid: //* Dialogue lines start with a code like "v2;30;" which specify who is speaking and when the line shows up. Please copy it exactly in your translations.
8.0.1 28-02-2020 10:41:15 ERROR: Culture: byzantines: en: In dialogue file C:\Users\Guilherme\Desktop\MultiMC\instances\modpack_sem_CC\.minecraft\mods\millenaire\languages\en\byzantines_dialogues.txt the following line is invalid: //* Dialogue lines start with a code like "v2;30;" which specify who is speaking and when the line shows up. Please copy it exactly in your translations.
8.0.1 28-02-2020 10:41:16 MAJOR: null: LanguageData loaded: en_us. Wand invitem name: Wand of Summoning
8.0.1 28-02-2020 11:18:03 Starting new session. Mods: examplemod 
8.0.1 28-02-2020 11:19:44 MAJOR: null: Loading language: en_us
8.0.1 28-02-2020 11:19:44 ERROR: null: Key goal.mineiron2 is present more than once in C:\Users\Guilherme\Desktop\MultiMC\instances\modpack_sem_CC\.minecraft\mods\millenaire\languages\en\strings.txt
8.0.1 28-02-2020 11:19:44 ERROR: null: Key goal.mineiron2 is present more than once in C:\Users\Guilherme\Desktop\MultiMC\instances\modpack_sem_CC\.minecraft\mods\millenaire\languages\en\strings.txt
8.0.1 28-02-2020 11:19:44 ERROR: Culture: byzantines: en_us: In dialogue file C:\Users\Guilherme\Desktop\MultiMC\instances\modpack_sem_CC\.minecraft\mods\millenaire\languages\en\byzantines_dialogues.txt the following line is invalid: //* Dialogue lines start with a code like "v2;30;" which specify who is speaking and when the line shows up. Please copy it exactly in your translations.
8.0.1 28-02-2020 11:19:44 ERROR: Culture: byzantines: en: In dialogue file C:\Users\Guilherme\Desktop\MultiMC\instances\modpack_sem_CC\.minecraft\mods\millenaire\languages\en\byzantines_dialogues.txt the following line is invalid: //* Dialogue lines start with a code like "v2;30;" which specify who is speaking and when the line shows up. Please copy it exactly in your translations.
8.0.1 28-02-2020 11:19:45 MAJOR: null: LanguageData loaded: en_us. Wand invitem name: Wand of Summoning
8.0.1 28-02-2020 11:23:30 ERROR: org.millenaire.client.network.ClientReceiver@62d929da: Received a packet despite null clientWorld.
8.0.1 28-02-2020 11:33:42 Starting new session. Mods: examplemod 
8.0.1 28-02-2020 11:35:20 MAJOR: null: Loading language: en_us
8.0.1 28-02-2020 11:35:20 ERROR: null: Key goal.mineiron2 is present more than once in C:\Users\Guilherme\Desktop\MultiMC\instances\modpack_sem_CC\.minecraft\mods\millenaire\languages\en\strings.txt
8.0.1 28-02-2020 11:35:20 ERROR: null: Key goal.mineiron2 is present more than once in C:\Users\Guilherme\Desktop\MultiMC\instances\modpack_sem_CC\.minecraft\mods\millenaire\languages\en\strings.txt
8.0.1 28-02-2020 11:35:20 ERROR: Culture: byzantines: en_us: In dialogue file C:\Users\Guilherme\Desktop\MultiMC\instances\modpack_sem_CC\.minecraft\mods\millenaire\languages\en\byzantines_dialogues.txt the following line is invalid: //* Dialogue lines start with a code like "v2;30;" which specify who is speaking and when the line shows up. Please copy it exactly in your translations.
8.0.1 28-02-2020 11:35:20 ERROR: Culture: byzantines: en: In dialogue file C:\Users\Guilherme\Desktop\MultiMC\instances\modpack_sem_CC\.minecraft\mods\millenaire\languages\en\byzantines_dialogues.txt the following line is invalid: //* Dialogue lines start with a code like "v2;30;" which specify who is speaking and when the line shows up. Please copy it exactly in your translations.
8.0.1 28-02-2020 11:35:21 MAJOR: null: LanguageData loaded: en_us. Wand invitem name: Wand of Summoning
8.0.1 28-02-2020 13:32:27 Starting new session. Mods: examplemod 
8.0.1 28-02-2020 13:34:00 MAJOR: null: Loading language: en_us
8.0.1 28-02-2020 13:34:00 ERROR: null: Key goal.mineiron2 is present more than once in C:\Users\Guilherme\Desktop\MultiMC\instances\modpack_sem_CC\.minecraft\mods\millenaire\languages\en\strings.txt
8.0.1 28-02-2020 13:34:00 ERROR: null: Key goal.mineiron2 is present more than once in C:\Users\Guilherme\Desktop\MultiMC\instances\modpack_sem_CC\.minecraft\mods\millenaire\languages\en\strings.txt
8.0.1 28-02-2020 13:34:00 ERROR: Culture: byzantines: en_us: In dialogue file C:\Users\Guilherme\Desktop\MultiMC\instances\modpack_sem_CC\.minecraft\mods\millenaire\languages\en\byzantines_dialogues.txt the following line is invalid: //* Dialogue lines start with a code like "v2;30;" which specify who is speaking and when the line shows up. Please copy it exactly in your translations.
8.0.1 28-02-2020 13:34:00 ERROR: Culture: byzantines: en: In dialogue file C:\Users\Guilherme\Desktop\MultiMC\instances\modpack_sem_CC\.minecraft\mods\millenaire\languages\en\byzantines_dialogues.txt the following line is invalid: //* Dialogue lines start with a code like "v2;30;" which specify who is speaking and when the line shows up. Please copy it exactly in your translations.
8.0.1 28-02-2020 13:34:01 MAJOR: null: LanguageData loaded: en_us. Wand invitem name: Wand of Summoning
8.0.1 28-02-2020 13:35:50 ERROR: (polarbearcave_A0 at 791/70/-1737/2/0/28680422/Nanuk Mitjuktipa/net.minecraft.world.WorldServer@52675901): Deleting building as could not find the location for it at: 785/75/-1742
8.0.1 28-02-2020 13:58:36 ERROR: (pinetower_A0 at 1415/67/199/2/0/1056472235/Mono Paratiritio/net.minecraft.client.multiplayer.WorldClient@80b38bf): No selling data from player guicoelho, only has data for [Ljava.lang.Object;@32a87ec5
8.0.1 28-02-2020 13:58:36 ERROR: (pinetower_A0 at 1415/67/199/2/0/1056472235/Mono Paratiritio/net.minecraft.client.multiplayer.WorldClient@80b38bf): No selling data from player guicoelho, only has data for [Ljava.lang.Object;@6bc21de9
8.0.1 28-02-2020 14:51:52 Starting new session. Mods: examplemod 
8.0.1 28-02-2020 14:53:28 MAJOR: null: Loading language: en_us
8.0.1 28-02-2020 14:53:28 ERROR: null: Key goal.mineiron2 is present more than once in C:\Users\Guilherme\Desktop\MultiMC\instances\modpack_sem_CC\.minecraft\mods\millenaire\languages\en\strings.txt
8.0.1 28-02-2020 14:53:28 ERROR: null: Key goal.mineiron2 is present more than once in C:\Users\Guilherme\Desktop\MultiMC\instances\modpack_sem_CC\.minecraft\mods\millenaire\languages\en\strings.txt
8.0.1 28-02-2020 14:53:28 ERROR: Culture: byzantines: en_us: In dialogue file C:\Users\Guilherme\Desktop\MultiMC\instances\modpack_sem_CC\.minecraft\mods\millenaire\languages\en\byzantines_dialogues.txt the following line is invalid: //* Dialogue lines start with a code like "v2;30;" which specify who is speaking and when the line shows up. Please copy it exactly in your translations.
8.0.1 28-02-2020 14:53:28 ERROR: Culture: byzantines: en: In dialogue file C:\Users\Guilherme\Desktop\MultiMC\instances\modpack_sem_CC\.minecraft\mods\millenaire\languages\en\byzantines_dialogues.txt the following line is invalid: //* Dialogue lines start with a code like "v2;30;" which specify who is speaking and when the line shows up. Please copy it exactly in your translations.
8.0.1 28-02-2020 14:53:29 MAJOR: null: LanguageData loaded: en_us. Wand invitem name: Wand of Summoning
8.0.1 28-02-2020 16:51:59 Starting new session. Mods: examplemod 
8.0.1 28-02-2020 16:53:20 MAJOR: null: Loading language: en_us
8.0.1 28-02-2020 16:53:20 ERROR: null: Key goal.mineiron2 is present more than once in C:\Users\Guilherme\Desktop\MultiMC\instances\modpack_sem_CC\.minecraft\mods\millenaire\languages\en\strings.txt
8.0.1 28-02-2020 16:53:20 ERROR: null: Key goal.mineiron2 is present more than once in C:\Users\Guilherme\Desktop\MultiMC\instances\modpack_sem_CC\.minecraft\mods\millenaire\languages\en\strings.txt
8.0.1 28-02-2020 16:53:20 ERROR: Culture: byzantines: en_us: In dialogue file C:\Users\Guilherme\Desktop\MultiMC\instances\modpack_sem_CC\.minecraft\mods\millenaire\languages\en\byzantines_dialogues.txt the following line is invalid: //* Dialogue lines start with a code like "v2;30;" which specify who is speaking and when the line shows up. Please copy it exactly in your translations.
8.0.1 28-02-2020 16:53:20 ERROR: Culture: byzantines: en: In dialogue file C:\Users\Guilherme\Desktop\MultiMC\instances\modpack_sem_CC\.minecraft\mods\millenaire\languages\en\byzantines_dialogues.txt the following line is invalid: //* Dialogue lines start with a code like "v2;30;" which specify who is speaking and when the line shows up. Please copy it exactly in your translations.
8.0.1 28-02-2020 16:53:21 MAJOR: null: LanguageData loaded: en_us. Wand invitem name: Wand of Summoning
8.0.1 28-02-2020 17:02:49 Starting new session. Mods: examplemod 
8.0.1 28-02-2020 17:04:09 MAJOR: null: Loading language: en_us
8.0.1 28-02-2020 17:04:09 ERROR: null: Key goal.mineiron2 is present more than once in C:\Users\Guilherme\Desktop\MultiMC\instances\modpack_sem_CC\.minecraft\mods\millenaire\languages\en\strings.txt
8.0.1 28-02-2020 17:04:09 ERROR: null: Key goal.mineiron2 is present more than once in C:\Users\Guilherme\Desktop\MultiMC\instances\modpack_sem_CC\.minecraft\mods\millenaire\languages\en\strings.txt
8.0.1 28-02-2020 17:04:09 ERROR: Culture: byzantines: en_us: In dialogue file C:\Users\Guilherme\Desktop\MultiMC\instances\modpack_sem_CC\.minecraft\mods\millenaire\languages\en\byzantines_dialogues.txt the following line is invalid: //* Dialogue lines start with a code like "v2;30;" which specify who is speaking and when the line shows up. Please copy it exactly in your translations.
8.0.1 28-02-2020 17:04:09 ERROR: Culture: byzantines: en: In dialogue file C:\Users\Guilherme\Desktop\MultiMC\instances\modpack_sem_CC\.minecraft\mods\millenaire\languages\en\byzantines_dialogues.txt the following line is invalid: //* Dialogue lines start with a code like "v2;30;" which specify who is speaking and when the line shows up. Please copy it exactly in your translations.
8.0.1 28-02-2020 17:04:10 MAJOR: null: LanguageData loaded: en_us. Wand invitem name: Wand of Summoning
8.0.1 28-02-2020 17:17:40 Starting new session. Mods: examplemod 
8.0.1 28-02-2020 17:19:01 MAJOR: null: Loading language: en_us
8.0.1 28-02-2020 17:19:01 ERROR: null: Key goal.mineiron2 is present more than once in C:\Users\Guilherme\Desktop\MultiMC\instances\modpack_sem_CC\.minecraft\mods\millenaire\languages\en\strings.txt
8.0.1 28-02-2020 17:19:01 ERROR: null: Key goal.mineiron2 is present more than once in C:\Users\Guilherme\Desktop\MultiMC\instances\modpack_sem_CC\.minecraft\mods\millenaire\languages\en\strings.txt
8.0.1 28-02-2020 17:19:01 ERROR: Culture: byzantines: en_us: In dialogue file C:\Users\Guilherme\Desktop\MultiMC\instances\modpack_sem_CC\.minecraft\mods\millenaire\languages\en\byzantines_dialogues.txt the following line is invalid: //* Dialogue lines start with a code like "v2;30;" which specify who is speaking and when the line shows up. Please copy it exactly in your translations.
8.0.1 28-02-2020 17:19:01 ERROR: Culture: byzantines: en: In dialogue file C:\Users\Guilherme\Desktop\MultiMC\instances\modpack_sem_CC\.minecraft\mods\millenaire\languages\en\byzantines_dialogues.txt the following line is invalid: //* Dialogue lines start with a code like "v2;30;" which specify who is speaking and when the line shows up. Please copy it exactly in your translations.
8.0.1 28-02-2020 17:19:02 MAJOR: null: LanguageData loaded: en_us. Wand invitem name: Wand of Summoning
8.0.1 28-02-2020 18:33:32 Starting new session. Mods: examplemod 
8.0.1 28-02-2020 18:34:53 MAJOR: null: Loading language: en_us
8.0.1 28-02-2020 18:34:53 ERROR: null: Key goal.mineiron2 is present more than once in C:\Users\Guilherme\Desktop\MultiMC\instances\modpack_sem_CC\.minecraft\mods\millenaire\languages\en\strings.txt
8.0.1 28-02-2020 18:34:53 ERROR: null: Key goal.mineiron2 is present more than once in C:\Users\Guilherme\Desktop\MultiMC\instances\modpack_sem_CC\.minecraft\mods\millenaire\languages\en\strings.txt
8.0.1 28-02-2020 18:34:53 ERROR: Culture: byzantines: en_us: In dialogue file C:\Users\Guilherme\Desktop\MultiMC\instances\modpack_sem_CC\.minecraft\mods\millenaire\languages\en\byzantines_dialogues.txt the following line is invalid: //* Dialogue lines start with a code like "v2;30;" which specify who is speaking and when the line shows up. Please copy it exactly in your translations.
8.0.1 28-02-2020 18:34:53 ERROR: Culture: byzantines: en: In dialogue file C:\Users\Guilherme\Desktop\MultiMC\instances\modpack_sem_CC\.minecraft\mods\millenaire\languages\en\byzantines_dialogues.txt the following line is invalid: //* Dialogue lines start with a code like "v2;30;" which specify who is speaking and when the line shows up. Please copy it exactly in your translations.
8.0.1 28-02-2020 18:34:54 MAJOR: null: LanguageData loaded: en_us. Wand invitem name: Wand of Summoning
8.0.1 28-02-2020 19:21:28 Starting new session. Mods: examplemod 
8.0.1 28-02-2020 19:23:03 MAJOR: null: Loading language: en_us
8.0.1 28-02-2020 19:23:03 ERROR: null: Key goal.mineiron2 is present more than once in C:\Users\Guilherme\Desktop\MultiMC\instances\modpack_sem_CC\.minecraft\mods\millenaire\languages\en\strings.txt
8.0.1 28-02-2020 19:23:03 ERROR: null: Key goal.mineiron2 is present more than once in C:\Users\Guilherme\Desktop\MultiMC\instances\modpack_sem_CC\.minecraft\mods\millenaire\languages\en\strings.txt
8.0.1 28-02-2020 19:23:03 ERROR: Culture: byzantines: en_us: In dialogue file C:\Users\Guilherme\Desktop\MultiMC\instances\modpack_sem_CC\.minecraft\mods\millenaire\languages\en\byzantines_dialogues.txt the following line is invalid: //* Dialogue lines start with a code like "v2;30;" which specify who is speaking and when the line shows up. Please copy it exactly in your translations.
8.0.1 28-02-2020 19:23:03 ERROR: Culture: byzantines: en: In dialogue file C:\Users\Guilherme\Desktop\MultiMC\instances\modpack_sem_CC\.minecraft\mods\millenaire\languages\en\byzantines_dialogues.txt the following line is invalid: //* Dialogue lines start with a code like "v2;30;" which specify who is speaking and when the line shows up. Please copy it exactly in your translations.
8.0.1 28-02-2020 19:23:04 MAJOR: null: LanguageData loaded: en_us. Wand invitem name: Wand of Summoning
8.0.1 28-02-2020 19:27:29 Exception when finding JPS path:
8.0.1 28-02-2020 19:27:29 java.lang.ArrayStoreException: net.minecraft.pathfinding.PathPoint
	at net.minecraft.pathfinding.Path.func_186309_a(SourceFile:43)
	at net.minecraft.pathfinding.PathNavigate.func_75487_m(SourceFile:324)
	at net.minecraft.pathfinding.PathNavigateGround.func_75487_m(SourceFile:96)
	at net.minecraft.pathfinding.PathNavigate.func_75484_a(SourceFile:159)
	at org.millenaire.common.entity.MillVillager.registerNewPath(MillVillager.java:3049)
	at org.millenaire.common.entity.MillVillager.applyPathCalculatedSinceLastTick(MillVillager.java:443)
	at org.millenaire.common.entity.MillVillager.func_70071_h_(MillVillager.java:2337)
	at net.minecraft.world.World.func_72866_a(World.java:1996)
	at net.minecraft.world.WorldServer.func_72866_a(WorldServer.java:832)
	at net.minecraft.world.World.func_72870_g(World.java:1958)
	at net.minecraft.world.World.redirect$updateEntity$zcj000(World.java:5123)
	at net.minecraft.world.World.func_72939_s(World.java:1762)
	at net.minecraft.world.WorldServer.func_72939_s(WorldServer.java:613)
	at net.minecraft.server.MinecraftServer.func_71190_q(MinecraftServer.java:767)
	at net.minecraft.server.MinecraftServer.func_71217_p(MinecraftServer.java:668)
	at net.minecraft.server.integrated.IntegratedServer.func_71217_p(IntegratedServer.java:279)
	at net.minecraft.server.MinecraftServer.run(MinecraftServer.java:526)
	at java.lang.Thread.run(Unknown Source)

8.0.1 28-02-2020 19:27:29 Exception when finding JPS path:
8.0.1 28-02-2020 19:27:29 java.lang.ArrayStoreException: net.minecraft.pathfinding.PathPoint
	at net.minecraft.pathfinding.Path.func_186309_a(SourceFile:43)
	at net.minecraft.pathfinding.PathNavigate.func_75487_m(SourceFile:324)
	at net.minecraft.pathfinding.PathNavigateGround.func_75487_m(SourceFile:96)
	at net.minecraft.pathfinding.PathNavigate.func_75484_a(SourceFile:159)
	at org.millenaire.common.entity.MillVillager.registerNewPath(MillVillager.java:3049)
	at org.millenaire.common.entity.MillVillager.applyPathCalculatedSinceLastTick(MillVillager.java:443)
	at org.millenaire.common.entity.MillVillager.func_70071_h_(MillVillager.java:2337)
	at net.minecraft.world.World.func_72866_a(World.java:1996)
	at net.minecraft.world.WorldServer.func_72866_a(WorldServer.java:832)
	at net.minecraft.world.World.func_72870_g(World.java:1958)
	at net.minecraft.world.World.redirect$updateEntity$zcj000(World.java:5123)
	at net.minecraft.world.World.func_72939_s(World.java:1762)
	at net.minecraft.world.WorldServer.func_72939_s(WorldServer.java:613)
	at net.minecraft.server.MinecraftServer.func_71190_q(MinecraftServer.java:767)
	at net.minecraft.server.MinecraftServer.func_71217_p(MinecraftServer.java:668)
	at net.minecraft.server.integrated.IntegratedServer.func_71217_p(IntegratedServer.java:279)
	at net.minecraft.server.MinecraftServer.run(MinecraftServer.java:526)
	at java.lang.Thread.run(Unknown Source)

8.0.1 28-02-2020 19:27:29 Exception when finding JPS path:
8.0.1 28-02-2020 19:27:29 java.lang.ArrayStoreException: net.minecraft.pathfinding.PathPoint
	at net.minecraft.pathfinding.Path.func_186309_a(SourceFile:43)
	at net.minecraft.pathfinding.PathNavigate.func_75487_m(SourceFile:324)
	at net.minecraft.pathfinding.PathNavigateGround.func_75487_m(SourceFile:96)
	at net.minecraft.pathfinding.PathNavigate.func_75484_a(SourceFile:159)
	at org.millenaire.common.entity.MillVillager.registerNewPath(MillVillager.java:3049)
	at org.millenaire.common.entity.MillVillager.applyPathCalculatedSinceLastTick(MillVillager.java:443)
	at org.millenaire.common.entity.MillVillager.func_70071_h_(MillVillager.java:2337)
	at net.minecraft.world.World.func_72866_a(World.java:1996)
	at net.minecraft.world.WorldServer.func_72866_a(WorldServer.java:832)
	at net.minecraft.world.World.func_72870_g(World.java:1958)
	at net.minecraft.world.World.redirect$updateEntity$zcj000(World.java:5123)
	at net.minecraft.world.World.func_72939_s(World.java:1762)
	at net.minecraft.world.WorldServer.func_72939_s(WorldServer.java:613)
	at net.minecraft.server.MinecraftServer.func_71190_q(MinecraftServer.java:767)
	at net.minecraft.server.MinecraftServer.func_71217_p(MinecraftServer.java:668)
	at net.minecraft.server.integrated.IntegratedServer.func_71217_p(IntegratedServer.java:279)
	at net.minecraft.server.MinecraftServer.run(MinecraftServer.java:526)
	at java.lang.Thread.run(Unknown Source)

8.0.1 28-02-2020 19:27:29 Exception when finding JPS path:
8.0.1 28-02-2020 19:27:29 java.lang.ArrayStoreException: net.minecraft.pathfinding.PathPoint
	at net.minecraft.pathfinding.Path.func_186309_a(SourceFile:43)
	at net.minecraft.pathfinding.PathNavigate.func_75487_m(SourceFile:324)
	at net.minecraft.pathfinding.PathNavigateGround.func_75487_m(SourceFile:96)
	at net.minecraft.pathfinding.PathNavigate.func_75484_a(SourceFile:159)
	at org.millenaire.common.entity.MillVillager.registerNewPath(MillVillager.java:3049)
	at org.millenaire.common.entity.MillVillager.applyPathCalculatedSinceLastTick(MillVillager.java:443)
	at org.millenaire.common.entity.MillVillager.func_70071_h_(MillVillager.java:2337)
	at net.minecraft.world.World.func_72866_a(World.java:1996)
	at net.minecraft.world.WorldServer.func_72866_a(WorldServer.java:832)
	at net.minecraft.world.World.func_72870_g(World.java:1958)
	at net.minecraft.world.World.redirect$updateEntity$zcj000(World.java:5123)
	at net.minecraft.world.World.func_72939_s(World.java:1762)
	at net.minecraft.world.WorldServer.func_72939_s(WorldServer.java:613)
	at net.minecraft.server.MinecraftServer.func_71190_q(MinecraftServer.java:767)
	at net.minecraft.server.MinecraftServer.func_71217_p(MinecraftServer.java:668)
	at net.minecraft.server.integrated.IntegratedServer.func_71217_p(IntegratedServer.java:279)
	at net.minecraft.server.MinecraftServer.run(MinecraftServer.java:526)
	at java.lang.Thread.run(Unknown Source)

8.0.1 28-02-2020 19:27:29 Exception when finding JPS path:
8.0.1 28-02-2020 19:27:29 java.lang.ArrayStoreException: net.minecraft.pathfinding.PathPoint
	at net.minecraft.pathfinding.Path.func_186309_a(SourceFile:43)
	at net.minecraft.pathfinding.PathNavigate.func_75487_m(SourceFile:324)
	at net.minecraft.pathfinding.PathNavigateGround.func_75487_m(SourceFile:96)
	at net.minecraft.pathfinding.PathNavigate.func_75484_a(SourceFile:159)
	at org.millenaire.common.entity.MillVillager.registerNewPath(MillVillager.java:3049)
	at org.millenaire.common.entity.MillVillager.applyPathCalculatedSinceLastTick(MillVillager.java:443)
	at org.millenaire.common.entity.MillVillager.func_70071_h_(MillVillager.java:2337)
	at net.minecraft.world.World.func_72866_a(World.java:1996)
	at net.minecraft.world.WorldServer.func_72866_a(WorldServer.java:832)
	at net.minecraft.world.World.func_72870_g(World.java:1958)
	at net.minecraft.world.World.redirect$updateEntity$zcj000(World.java:5123)
	at net.minecraft.world.World.func_72939_s(World.java:1762)
	at net.minecraft.world.WorldServer.func_72939_s(WorldServer.java:613)
	at net.minecraft.server.MinecraftServer.func_71190_q(MinecraftServer.java:767)
	at net.minecraft.server.MinecraftServer.func_71217_p(MinecraftServer.java:668)
	at net.minecraft.server.integrated.IntegratedServer.func_71217_p(IntegratedServer.java:279)
	at net.minecraft.server.MinecraftServer.run(MinecraftServer.java:526)
	at java.lang.Thread.run(Unknown Source)

8.0.1 28-02-2020 19:27:29 Repeat exception x6: Exception when finding JPS path: - net.minecraft.pathfinding.PathPoint @ net.minecraft.pathfinding.Path.func_186309_a(SourceFile:43)
8.0.1 28-02-2020 19:27:29 Repeat exception x7: Exception when finding JPS path: - net.minecraft.pathfinding.PathPoint @ net.minecraft.pathfinding.Path.func_186309_a(SourceFile:43)
8.0.1 28-02-2020 19:27:29 Repeat exception x8: Exception when finding JPS path: - net.minecraft.pathfinding.PathPoint @ net.minecraft.pathfinding.Path.func_186309_a(SourceFile:43)
8.0.1 28-02-2020 19:27:29 Repeat exception x9: Exception when finding JPS path: - net.minecraft.pathfinding.PathPoint @ net.minecraft.pathfinding.Path.func_186309_a(SourceFile:43)
8.0.1 28-02-2020 19:27:29 Repeat exception x10: Exception when finding JPS path: - net.minecraft.pathfinding.PathPoint @ net.minecraft.pathfinding.Path.func_186309_a(SourceFile:43)
8.0.1 28-02-2020 19:27:29 Repeat exception x11: Exception when finding JPS path: - net.minecraft.pathfinding.PathPoint @ net.minecraft.pathfinding.Path.func_186309_a(SourceFile:43)
8.0.1 28-02-2020 19:27:29 Repeat exception x12: Exception when finding JPS path: - net.minecraft.pathfinding.PathPoint @ net.minecraft.pathfinding.Path.func_186309_a(SourceFile:43)
8.0.1 28-02-2020 19:27:29 Repeat exception x13: Exception when finding JPS path: - net.minecraft.pathfinding.PathPoint @ net.minecraft.pathfinding.Path.func_186309_a(SourceFile:43)
8.0.1 28-02-2020 19:27:29 Repeat exception x14: Exception when finding JPS path: - net.minecraft.pathfinding.PathPoint @ net.minecraft.pathfinding.Path.func_186309_a(SourceFile:43)
8.0.1 28-02-2020 19:27:29 Repeat exception x15: Exception when finding JPS path: - net.minecraft.pathfinding.PathPoint @ net.minecraft.pathfinding.Path.func_186309_a(SourceFile:43)
8.0.1 28-02-2020 19:27:29 Repeat exception x16: Exception when finding JPS path: - net.minecraft.pathfinding.PathPoint @ net.minecraft.pathfinding.Path.func_186309_a(SourceFile:43)
8.0.1 28-02-2020 19:27:30 Repeat exception x17: Exception when finding JPS path: - net.minecraft.pathfinding.PathPoint @ net.minecraft.pathfinding.Path.func_186309_a(SourceFile:43)
8.0.1 28-02-2020 19:27:30 Repeat exception x18: Exception when finding JPS path: - net.minecraft.pathfinding.PathPoint @ net.minecraft.pathfinding.Path.func_186309_a(SourceFile:43)
8.0.1 28-02-2020 19:27:30 Repeat exception x19: Exception when finding JPS path: - net.minecraft.pathfinding.PathPoint @ net.minecraft.pathfinding.Path.func_186309_a(SourceFile:43)
8.0.1 28-02-2020 19:27:30 Repeat exception x20: Exception when finding JPS path: - net.minecraft.pathfinding.PathPoint @ net.minecraft.pathfinding.Path.func_186309_a(SourceFile:43). This error will no longer be logged in this session.
8.0.1 28-02-2020 19:29:41 Exception when finding JPS path:
8.0.1 28-02-2020 19:29:41 java.lang.ArrayStoreException

8.0.1 28-02-2020 19:29:41 Exception when finding JPS path:
8.0.1 28-02-2020 19:29:41 java.lang.ArrayStoreException

8.0.1 28-02-2020 19:29:41 Exception when finding JPS path:
8.0.1 28-02-2020 19:29:41 java.lang.ArrayStoreException

8.0.1 28-02-2020 19:29:41 Exception when finding JPS path:
8.0.1 28-02-2020 19:29:41 java.lang.ArrayStoreException

8.0.1 28-02-2020 19:29:41 Exception when finding JPS path:
8.0.1 28-02-2020 19:29:41 java.lang.ArrayStoreException

8.0.1 28-02-2020 19:29:41 Repeat exception x6: Exception when finding JPS path: @ 
8.0.1 28-02-2020 19:29:41 Repeat exception x7: Exception when finding JPS path: @ 
8.0.1 28-02-2020 19:29:41 Repeat exception x8: Exception when finding JPS path: @ 
8.0.1 28-02-2020 19:29:41 Repeat exception x9: Exception when finding JPS path: @ 
8.0.1 28-02-2020 19:29:41 Repeat exception x10: Exception when finding JPS path: @ 
8.0.1 28-02-2020 19:29:41 Repeat exception x11: Exception when finding JPS path: @ 
8.0.1 28-02-2020 19:29:41 Repeat exception x12: Exception when finding JPS path: @ 
8.0.1 28-02-2020 19:29:41 Repeat exception x13: Exception when finding JPS path: @ 
8.0.1 28-02-2020 19:29:41 Repeat exception x14: Exception when finding JPS path: @ 
8.0.1 28-02-2020 19:29:41 Repeat exception x15: Exception when finding JPS path: @ 
8.0.1 28-02-2020 19:29:42 Repeat exception x16: Exception when finding JPS path: @ 
8.0.1 28-02-2020 19:29:42 Repeat exception x17: Exception when finding JPS path: @ 
8.0.1 28-02-2020 19:29:42 Repeat exception x18: Exception when finding JPS path: @ 
8.0.1 28-02-2020 19:29:42 Repeat exception x19: Exception when finding JPS path: @ 
8.0.1 28-02-2020 19:29:42 Repeat exception x20: Exception when finding JPS path: @ . This error will no longer be logged in this session.
8.0.1 28-02-2020 21:29:31 Starting new session. Mods: examplemod 
8.0.1 28-02-2020 21:31:40 MAJOR: null: Loading language: en_us
8.0.1 28-02-2020 21:31:40 ERROR: null: Key goal.mineiron2 is present more than once in C:\Users\Guilherme\Desktop\MultiMC\instances\modpack_sem_CC\.minecraft\mods\millenaire\languages\en\strings.txt
8.0.1 28-02-2020 21:31:40 ERROR: null: Key goal.mineiron2 is present more than once in C:\Users\Guilherme\Desktop\MultiMC\instances\modpack_sem_CC\.minecraft\mods\millenaire\languages\en\strings.txt
8.0.1 28-02-2020 21:31:40 ERROR: Culture: byzantines: en_us: In dialogue file C:\Users\Guilherme\Desktop\MultiMC\instances\modpack_sem_CC\.minecraft\mods\millenaire\languages\en\byzantines_dialogues.txt the following line is invalid: //* Dialogue lines start with a code like "v2;30;" which specify who is speaking and when the line shows up. Please copy it exactly in your translations.
8.0.1 28-02-2020 21:31:40 ERROR: Culture: byzantines: en: In dialogue file C:\Users\Guilherme\Desktop\MultiMC\instances\modpack_sem_CC\.minecraft\mods\millenaire\languages\en\byzantines_dialogues.txt the following line is invalid: //* Dialogue lines start with a code like "v2;30;" which specify who is speaking and when the line shows up. Please copy it exactly in your translations.
8.0.1 28-02-2020 21:31:42 MAJOR: null: LanguageData loaded: en_us. Wand invitem name: Wand of Summoning
8.0.1 29-02-2020 07:22:19 Starting new session. Mods: examplemod 
8.0.1 29-02-2020 07:23:53 MAJOR: null: Loading language: en_us
8.0.1 29-02-2020 07:23:53 ERROR: null: Key goal.mineiron2 is present more than once in C:\Users\Guilherme\Desktop\MultiMC\instances\modpack_sem_CC\.minecraft\mods\millenaire\languages\en\strings.txt
8.0.1 29-02-2020 07:23:53 ERROR: null: Key goal.mineiron2 is present more than once in C:\Users\Guilherme\Desktop\MultiMC\instances\modpack_sem_CC\.minecraft\mods\millenaire\languages\en\strings.txt
8.0.1 29-02-2020 07:23:53 ERROR: Culture: byzantines: en_us: In dialogue file C:\Users\Guilherme\Desktop\MultiMC\instances\modpack_sem_CC\.minecraft\mods\millenaire\languages\en\byzantines_dialogues.txt the following line is invalid: //* Dialogue lines start with a code like "v2;30;" which specify who is speaking and when the line shows up. Please copy it exactly in your translations.
8.0.1 29-02-2020 07:23:53 ERROR: Culture: byzantines: en: In dialogue file C:\Users\Guilherme\Desktop\MultiMC\instances\modpack_sem_CC\.minecraft\mods\millenaire\languages\en\byzantines_dialogues.txt the following line is invalid: //* Dialogue lines start with a code like "v2;30;" which specify who is speaking and when the line shows up. Please copy it exactly in your translations.
8.0.1 29-02-2020 07:23:53 MAJOR: null: LanguageData loaded: en_us. Wand invitem name: Wand of Summoning
