2020-02-27 11:14:56,114 [Client thread] ERROR Dungeons2 | StyleSheetLoader.java:255 | Error exposing stylesheet resource to file system.
2020-02-27 11:14:56,131 [Client thread] ERROR Dungeons2 | SpawnSheetLoader.java:207 | Error exposing spawnsheet resource to file system.
2020-02-27 11:16:10,812 [Client thread] ERROR Dungeons2 | DungeonsWorldGen.java:177 | Error loading Style/Chest/Spawn sheet: 
java.nio.file.NoSuchFileException: mods\dungeons2\styleSheets
	at sun.nio.fs.WindowsException.translateToIOException(Unknown Source) ~[?:1.8.0_241]
	at sun.nio.fs.WindowsException.rethrowAsIOException(Unknown Source) ~[?:1.8.0_241]
	at sun.nio.fs.WindowsException.rethrowAsIOException(Unknown Source) ~[?:1.8.0_241]
	at sun.nio.fs.WindowsFileSystemProvider.createDirectory(Unknown Source) ~[?:1.8.0_241]
	at java.nio.file.Files.createDirectory(Unknown Source) ~[?:1.8.0_241]
	at com.someguyssoftware.dungeons2.worldgen.DungeonsWorldGen.init(DungeonsWorldGen.java:143) [DungeonsWorldGen.class:?]
	at com.someguyssoftware.dungeons2.worldgen.DungeonsWorldGen.<init>(DungeonsWorldGen.java:106) [DungeonsWorldGen.class:?]
	at com.someguyssoftware.dungeons2.Dungeons2.init(Dungeons2.java:173) [Dungeons2.class:?]
	at sun.reflect.NativeMethodAccessorImpl.invoke0(Native Method) ~[?:1.8.0_241]
	at sun.reflect.NativeMethodAccessorImpl.invoke(Unknown Source) ~[?:1.8.0_241]
	at sun.reflect.DelegatingMethodAccessorImpl.invoke(Unknown Source) ~[?:1.8.0_241]
	at java.lang.reflect.Method.invoke(Unknown Source) ~[?:1.8.0_241]
	at net.minecraftforge.fml.common.FMLModContainer.handleModStateEvent(FMLModContainer.java:637) [FMLModContainer.class:?]
	at sun.reflect.GeneratedMethodAccessor11.invoke(Unknown Source) ~[?:?]
	at sun.reflect.DelegatingMethodAccessorImpl.invoke(Unknown Source) ~[?:1.8.0_241]
	at java.lang.reflect.Method.invoke(Unknown Source) ~[?:1.8.0_241]
	at com.google.common.eventbus.Subscriber.invokeSubscriberMethod(Subscriber.java:91) [guava-21.0.jar:?]
	at com.google.common.eventbus.Subscriber$SynchronizedSubscriber.invokeSubscriberMethod(Subscriber.java:150) [guava-21.0.jar:?]
	at com.google.common.eventbus.Subscriber$1.run(Subscriber.java:76) [guava-21.0.jar:?]
	at com.google.common.util.concurrent.MoreExecutors$DirectExecutor.execute(MoreExecutors.java:399) [guava-21.0.jar:?]
	at com.google.common.eventbus.Subscriber.dispatchEvent(Subscriber.java:71) [guava-21.0.jar:?]
	at com.google.common.eventbus.Dispatcher$PerThreadQueuedDispatcher.dispatch(Dispatcher.java:116) [guava-21.0.jar:?]
	at com.google.common.eventbus.EventBus.post(EventBus.java:217) [guava-21.0.jar:?]
	at net.minecraftforge.fml.common.LoadController.sendEventToModContainer(LoadController.java:219) [LoadController.class:?]
	at net.minecraftforge.fml.common.LoadController.propogateStateMessage(LoadController.java:197) [LoadController.class:?]
	at sun.reflect.NativeMethodAccessorImpl.invoke0(Native Method) ~[?:1.8.0_241]
	at sun.reflect.NativeMethodAccessorImpl.invoke(Unknown Source) ~[?:1.8.0_241]
	at sun.reflect.DelegatingMethodAccessorImpl.invoke(Unknown Source) ~[?:1.8.0_241]
	at java.lang.reflect.Method.invoke(Unknown Source) ~[?:1.8.0_241]
	at com.google.common.eventbus.Subscriber.invokeSubscriberMethod(Subscriber.java:91) [guava-21.0.jar:?]
	at com.google.common.eventbus.Subscriber$SynchronizedSubscriber.invokeSubscriberMethod(Subscriber.java:150) [guava-21.0.jar:?]
	at com.google.common.eventbus.Subscriber$1.run(Subscriber.java:76) [guava-21.0.jar:?]
	at com.google.common.util.concurrent.MoreExecutors$DirectExecutor.execute(MoreExecutors.java:399) [guava-21.0.jar:?]
	at com.google.common.eventbus.Subscriber.dispatchEvent(Subscriber.java:71) [guava-21.0.jar:?]
	at com.google.common.eventbus.Dispatcher$PerThreadQueuedDispatcher.dispatch(Dispatcher.java:116) [guava-21.0.jar:?]
	at com.google.common.eventbus.EventBus.post(EventBus.java:217) [guava-21.0.jar:?]
	at net.minecraftforge.fml.common.LoadController.distributeStateMessage(LoadController.java:136) [LoadController.class:?]
	at net.minecraftforge.fml.common.Loader.initializeMods(Loader.java:749) [Loader.class:?]
	at net.minecraftforge.fml.client.FMLClientHandler.finishMinecraftLoading(FMLClientHandler.java:336) [FMLClientHandler.class:?]
	at net.minecraft.client.Minecraft.func_71384_a(Minecraft.java:535) [bib.class:?]
	at net.minecraft.client.Minecraft.func_99999_d(Minecraft.java:3931) [bib.class:?]
	at net.minecraft.client.main.Main.main(SourceFile:123) [Main.class:?]
	at sun.reflect.NativeMethodAccessorImpl.invoke0(Native Method) ~[?:1.8.0_241]
	at sun.reflect.NativeMethodAccessorImpl.invoke(Unknown Source) ~[?:1.8.0_241]
	at sun.reflect.DelegatingMethodAccessorImpl.invoke(Unknown Source) ~[?:1.8.0_241]
	at java.lang.reflect.Method.invoke(Unknown Source) ~[?:1.8.0_241]
	at net.minecraft.launchwrapper.Launch.launch(Launch.java:135) [launchwrapper-1.12.jar:?]
	at net.minecraft.launchwrapper.Launch.main(Launch.java:28) [launchwrapper-1.12.jar:?]
	at sun.reflect.NativeMethodAccessorImpl.invoke0(Native Method) ~[?:1.8.0_241]
	at sun.reflect.NativeMethodAccessorImpl.invoke(Unknown Source) ~[?:1.8.0_241]
	at sun.reflect.DelegatingMethodAccessorImpl.invoke(Unknown Source) ~[?:1.8.0_241]
	at java.lang.reflect.Method.invoke(Unknown Source) ~[?:1.8.0_241]
	at org.multimc.onesix.OneSixLauncher.launchWithMainClass(OneSixLauncher.java:196) [NewLaunch.jar:?]
	at org.multimc.onesix.OneSixLauncher.launch(OneSixLauncher.java:231) [NewLaunch.jar:?]
	at org.multimc.EntryPoint.listen(EntryPoint.java:143) [NewLaunch.jar:?]
	at org.multimc.EntryPoint.main(EntryPoint.java:34) [NewLaunch.jar:?]
2020-02-27 11:16:34,270 [Client thread] INFO GottschCore | VersionChecker.java:110 | [gottschcore] Starting version check at https://raw.githubusercontent.com/gottsch/gottsch-minecraft-GottschCore/master/GottschCore1.12.2/update.json
2020-02-27 11:16:34,279 [Client thread] INFO GottschCore | VersionChecker.java:110 | [dungeons2] Starting version check at https://raw.githubusercontent.com/gottsch/gottsch-minecraft-Dungeons2/master/Dungeons2-1.12.2/update.json
